
[10-Mar-2015 20:35:56 Europe/London] Cannot open 
[10-Mar-2015 20:35:56 Europe/London] Cannot open http://si.trwa.ca//templates/invoices/logos/TR_Logo-491x116.jpg, HTTP result code is: 404
[10-Mar-2015 20:35:57 Europe/London] <B>Warning:</B> character u0000 is missing<BR>
[10-Mar-2015 20:35:57 Europe/London] <B>Warning:</B> character controlSTX is missing<BR>
[10-Mar-2015 20:35:57 Europe/London] <B>Warning:</B> character controlSOT is missing<BR>
[10-Mar-2015 20:35:57 Europe/London] <B>Warning:</B> character controlETX is missing<BR>
[10-Mar-2015 20:35:57 Europe/London] <B>Warning:</B> character controlEOT is missing<BR>
[10-Mar-2015 20:35:57 Europe/London] <B>Warning:</B> character controlENQ is missing<BR>
[10-Mar-2015 20:35:57 Europe/London] <B>Warning:</B> character controlACK is missing<BR>
[10-Mar-2015 20:35:57 Europe/London] <B>Warning:</B> character controlBEL is missing<BR>
[10-Mar-2015 20:35:57 Europe/London] <B>Warning:</B> character controlBS is missing<BR>
[10-Mar-2015 20:35:57 Europe/London] <B>Warning:</B> character controlHT is missing<BR>
[10-Mar-2015 20:35:57 Europe/London] <B>Warning:</B> character controlLF is missing<BR>
[10-Mar-2015 20:35:57 Europe/London] <B>Warning:</B> character controlVT is missing<BR>
[10-Mar-2015 20:35:57 Europe/London] <B>Warning:</B> character controlFF is missing<BR>
[10-Mar-2015 20:35:57 Europe/London] <B>Warning:</B> character controlCR is missing<BR>
[10-Mar-2015 20:35:57 Europe/London] <B>Warning:</B> character controlSO is missing<BR>
[10-Mar-2015 20:35:57 Europe/London] <B>Warning:</B> character controlSI is missing<BR>
[10-Mar-2015 20:35:57 Europe/London] <B>Warning:</B> character controlDLE is missing<BR>
[10-Mar-2015 20:35:57 Europe/London] <B>Warning:</B> character controlDC1 is missing<BR>
[10-Mar-2015 20:35:57 Europe/London] <B>Warning:</B> character controlDC2 is missing<BR>
[10-Mar-2015 20:35:57 Europe/London] <B>Warning:</B> character controlDC3 is missing<BR>
[10-Mar-2015 20:35:57 Europe/London] <B>Warning:</B> character controlDC4 is missing<BR>
[10-Mar-2015 20:35:57 Europe/London] <B>Warning:</B> character controlNAK is missing<BR>
[10-Mar-2015 20:35:57 Europe/London] <B>Warning:</B> character controlSYN is missing<BR>
[10-Mar-2015 20:35:57 Europe/London] <B>Warning:</B> character controlETB is missing<BR>
[10-Mar-2015 20:35:57 Europe/London] <B>Warning:</B> character controlCAN is missing<BR>
[10-Mar-2015 20:35:57 Europe/London] <B>Warning:</B> character controlEM is missing<BR>
[10-Mar-2015 20:35:57 Europe/London] <B>Warning:</B> character controlSUB is missing<BR>
[10-Mar-2015 20:35:57 Europe/London] <B>Warning:</B> character controlESC is missing<BR>
[10-Mar-2015 20:35:57 Europe/London] <B>Warning:</B> character controlFS is missing<BR>
[10-Mar-2015 20:35:57 Europe/London] <B>Warning:</B> character controlGS is missing<BR>
[10-Mar-2015 20:35:57 Europe/London] <B>Warning:</B> character controlRS is missing<BR>
[10-Mar-2015 20:35:57 Europe/London] <B>Warning:</B> character controlUS is missing<BR>
[10-Mar-2015 20:35:57 Europe/London] <B>Warning:</B> character controlDEL is missing<BR>
[10-Mar-2015 20:35:57 Europe/London] <B>Warning:</B> character u0080 is missing<BR>
[10-Mar-2015 20:35:57 Europe/London] <B>Warning:</B> character u0081 is missing<BR>
[10-Mar-2015 20:35:57 Europe/London] <B>Warning:</B> character u0082 is missing<BR>
[10-Mar-2015 20:35:57 Europe/London] <B>Warning:</B> character u0083 is missing<BR>
[10-Mar-2015 20:35:57 Europe/London] <B>Warning:</B> character u0084 is missing<BR>
[10-Mar-2015 20:35:57 Europe/London] <B>Warning:</B> character u0085 is missing<BR>
[10-Mar-2015 20:35:57 Europe/London] <B>Warning:</B> character u0086 is missing<BR>
[10-Mar-2015 20:35:57 Europe/London] <B>Warning:</B> character u0087 is missing<BR>
[10-Mar-2015 20:35:57 Europe/London] <B>Warning:</B> character u0088 is missing<BR>
[10-Mar-2015 20:35:57 Europe/London] <B>Warning:</B> character u0089 is missing<BR>
[10-Mar-2015 20:35:57 Europe/London] <B>Warning:</B> character u008A is missing<BR>
[10-Mar-2015 20:35:57 Europe/London] <B>Warning:</B> character u008B is missing<BR>
[10-Mar-2015 20:35:57 Europe/London] <B>Warning:</B> character u008C is missing<BR>
[10-Mar-2015 20:35:57 Europe/London] <B>Warning:</B> character u008D is missing<BR>
[10-Mar-2015 20:35:57 Europe/London] <B>Warning:</B> character u008E is missing<BR>
[10-Mar-2015 20:35:57 Europe/London] <B>Warning:</B> character u008F is missing<BR>
[10-Mar-2015 20:35:57 Europe/London] <B>Warning:</B> character u0090 is missing<BR>
[10-Mar-2015 20:35:57 Europe/London] <B>Warning:</B> character u0091 is missing<BR>
[10-Mar-2015 20:35:57 Europe/London] <B>Warning:</B> character u0092 is missing<BR>
[10-Mar-2015 20:35:57 Europe/London] <B>Warning:</B> character u0093 is missing<BR>
[10-Mar-2015 20:35:57 Europe/London] <B>Warning:</B> character u0094 is missing<BR>
[10-Mar-2015 20:35:57 Europe/London] <B>Warning:</B> character u0095 is missing<BR>
[10-Mar-2015 20:35:57 Europe/London] <B>Warning:</B> character u0096 is missing<BR>
[10-Mar-2015 20:35:57 Europe/London] <B>Warning:</B> character u0097 is missing<BR>
[10-Mar-2015 20:35:57 Europe/London] <B>Warning:</B> character u0098 is missing<BR>
[10-Mar-2015 20:35:57 Europe/London] <B>Warning:</B> character u0099 is missing<BR>
[10-Mar-2015 20:35:57 Europe/London] <B>Warning:</B> character u009A is missing<BR>
[10-Mar-2015 20:35:57 Europe/London] <B>Warning:</B> character u009B is missing<BR>
[10-Mar-2015 20:35:57 Europe/London] <B>Warning:</B> character u009C is missing<BR>
[10-Mar-2015 20:35:57 Europe/London] <B>Warning:</B> character u009D is missing<BR>
[10-Mar-2015 20:35:57 Europe/London] <B>Warning:</B> character u009E is missing<BR>
[10-Mar-2015 20:35:57 Europe/London] <B>Warning:</B> character u009F is missing<BR>
[10-Mar-2015 20:35:57 Europe/London] <B>Warning:</B> character nonbreakingspace is missing<BR>
[10-Mar-2015 20:35:57 Europe/London] <B>Warning:</B> character softhyphen is missing<BR>
[10-Mar-2015 20:35:57 Europe/London] <B>Warning:</B> character u0000 is missing<BR>
[10-Mar-2015 20:35:57 Europe/London] <B>Warning:</B> character controlSTX is missing<BR>
[10-Mar-2015 20:35:57 Europe/London] <B>Warning:</B> character controlSOT is missing<BR>
[10-Mar-2015 20:35:57 Europe/London] <B>Warning:</B> character controlETX is missing<BR>
[10-Mar-2015 20:35:57 Europe/London] <B>Warning:</B> character controlEOT is missing<BR>
[10-Mar-2015 20:35:57 Europe/London] <B>Warning:</B> character controlENQ is missing<BR>
[10-Mar-2015 20:35:57 Europe/London] <B>Warning:</B> character controlACK is missing<BR>
[10-Mar-2015 20:35:57 Europe/London] <B>Warning:</B> character controlBEL is missing<BR>
[10-Mar-2015 20:35:57 Europe/London] <B>Warning:</B> character controlBS is missing<BR>
[10-Mar-2015 20:35:57 Europe/London] <B>Warning:</B> character controlHT is missing<BR>
[10-Mar-2015 20:35:57 Europe/London] <B>Warning:</B> character controlLF is missing<BR>
[10-Mar-2015 20:35:57 Europe/London] <B>Warning:</B> character controlVT is missing<BR>
[10-Mar-2015 20:35:57 Europe/London] <B>Warning:</B> character controlFF is missing<BR>
[10-Mar-2015 20:35:57 Europe/London] <B>Warning:</B> character controlCR is missing<BR>
[10-Mar-2015 20:35:57 Europe/London] <B>Warning:</B> character controlSO is missing<BR>
[10-Mar-2015 20:35:57 Europe/London] <B>Warning:</B> character controlSI is missing<BR>
[10-Mar-2015 20:35:57 Europe/London] <B>Warning:</B> character controlDLE is missing<BR>
[10-Mar-2015 20:35:57 Europe/London] <B>Warning:</B> character controlDC1 is missing<BR>
[10-Mar-2015 20:35:57 Europe/London] <B>Warning:</B> character controlDC2 is missing<BR>
[10-Mar-2015 20:35:57 Europe/London] <B>Warning:</B> character controlDC3 is missing<BR>
[10-Mar-2015 20:35:57 Europe/London] <B>Warning:</B> character controlDC4 is missing<BR>
[10-Mar-2015 20:35:57 Europe/London] <B>Warning:</B> character controlNAK is missing<BR>
[10-Mar-2015 20:35:57 Europe/London] <B>Warning:</B> character controlSYN is missing<BR>
[10-Mar-2015 20:35:57 Europe/London] <B>Warning:</B> character controlETB is missing<BR>
[10-Mar-2015 20:35:57 Europe/London] <B>Warning:</B> character controlCAN is missing<BR>
[10-Mar-2015 20:35:57 Europe/London] <B>Warning:</B> character controlEM is missing<BR>
[10-Mar-2015 20:35:57 Europe/London] <B>Warning:</B> character controlSUB is missing<BR>
[10-Mar-2015 20:35:57 Europe/London] <B>Warning:</B> character controlESC is missing<BR>
[10-Mar-2015 20:35:57 Europe/London] <B>Warning:</B> character controlFS is missing<BR>
[10-Mar-2015 20:35:57 Europe/London] <B>Warning:</B> character controlGS is missing<BR>
[10-Mar-2015 20:35:57 Europe/London] <B>Warning:</B> character controlRS is missing<BR>
[10-Mar-2015 20:35:57 Europe/London] <B>Warning:</B> character controlUS is missing<BR>
[10-Mar-2015 20:35:57 Europe/London] <B>Warning:</B> character controlDEL is missing<BR>
[10-Mar-2015 20:35:57 Europe/London] <B>Warning:</B> character u0080 is missing<BR>
[10-Mar-2015 20:35:57 Europe/London] <B>Warning:</B> character u0081 is missing<BR>
[10-Mar-2015 20:35:57 Europe/London] <B>Warning:</B> character u0082 is missing<BR>
[10-Mar-2015 20:35:57 Europe/London] <B>Warning:</B> character u0083 is missing<BR>
[10-Mar-2015 20:35:57 Europe/London] <B>Warning:</B> character u0084 is missing<BR>
[10-Mar-2015 20:35:57 Europe/London] <B>Warning:</B> character u0085 is missing<BR>
[10-Mar-2015 20:35:57 Europe/London] <B>Warning:</B> character u0086 is missing<BR>
[10-Mar-2015 20:35:57 Europe/London] <B>Warning:</B> character u0087 is missing<BR>
[10-Mar-2015 20:35:57 Europe/London] <B>Warning:</B> character u0088 is missing<BR>
[10-Mar-2015 20:35:57 Europe/London] <B>Warning:</B> character u0089 is missing<BR>
[10-Mar-2015 20:35:57 Europe/London] <B>Warning:</B> character u008A is missing<BR>
[10-Mar-2015 20:35:57 Europe/London] <B>Warning:</B> character u008B is missing<BR>
[10-Mar-2015 20:35:57 Europe/London] <B>Warning:</B> character u008C is missing<BR>
[10-Mar-2015 20:35:57 Europe/London] <B>Warning:</B> character u008D is missing<BR>
[10-Mar-2015 20:35:57 Europe/London] <B>Warning:</B> character u008E is missing<BR>
[10-Mar-2015 20:35:57 Europe/London] <B>Warning:</B> character u008F is missing<BR>
[10-Mar-2015 20:35:57 Europe/London] <B>Warning:</B> character u0090 is missing<BR>
[10-Mar-2015 20:35:57 Europe/London] <B>Warning:</B> character u0091 is missing<BR>
[10-Mar-2015 20:35:57 Europe/London] <B>Warning:</B> character u0092 is missing<BR>
[10-Mar-2015 20:35:57 Europe/London] <B>Warning:</B> character u0093 is missing<BR>
[10-Mar-2015 20:35:57 Europe/London] <B>Warning:</B> character u0094 is missing<BR>
[10-Mar-2015 20:35:57 Europe/London] <B>Warning:</B> character u0095 is missing<BR>
[10-Mar-2015 20:35:57 Europe/London] <B>Warning:</B> character u0096 is missing<BR>
[10-Mar-2015 20:35:57 Europe/London] <B>Warning:</B> character u0097 is missing<BR>
[10-Mar-2015 20:35:57 Europe/London] <B>Warning:</B> character u0098 is missing<BR>
[10-Mar-2015 20:35:57 Europe/London] <B>Warning:</B> character u0099 is missing<BR>
[10-Mar-2015 20:35:57 Europe/London] <B>Warning:</B> character u009A is missing<BR>
[10-Mar-2015 20:35:57 Europe/London] <B>Warning:</B> character u009B is missing<BR>
[10-Mar-2015 20:35:57 Europe/London] <B>Warning:</B> character u009C is missing<BR>
[10-Mar-2015 20:35:57 Europe/London] <B>Warning:</B> character u009D is missing<BR>
[10-Mar-2015 20:35:57 Europe/London] <B>Warning:</B> character u009E is missing<BR>
[10-Mar-2015 20:35:57 Europe/London] <B>Warning:</B> character u009F is missing<BR>
[10-Mar-2015 20:35:57 Europe/London] <B>Warning:</B> character nonbreakingspace is missing<BR>
[10-Mar-2015 20:35:57 Europe/London] <B>Warning:</B> character softhyphen is missing<BR>
[10-Mar-2015 20:35:57 Europe/London] <B>Warning:</B> character u0000 is missing<BR>
[10-Mar-2015 20:35:57 Europe/London] <B>Warning:</B> character controlSTX is missing<BR>
[10-Mar-2015 20:35:57 Europe/London] <B>Warning:</B> character controlSOT is missing<BR>
[10-Mar-2015 20:35:57 Europe/London] <B>Warning:</B> character controlETX is missing<BR>
[10-Mar-2015 20:35:57 Europe/London] <B>Warning:</B> character controlEOT is missing<BR>
[10-Mar-2015 20:35:57 Europe/London] <B>Warning:</B> character controlENQ is missing<BR>
[10-Mar-2015 20:35:57 Europe/London] <B>Warning:</B> character controlACK is missing<BR>
[10-Mar-2015 20:35:57 Europe/London] <B>Warning:</B> character controlBEL is missing<BR>
[10-Mar-2015 20:35:57 Europe/London] <B>Warning:</B> character controlBS is missing<BR>
[10-Mar-2015 20:35:57 Europe/London] <B>Warning:</B> character controlHT is missing<BR>
[10-Mar-2015 20:35:57 Europe/London] <B>Warning:</B> character controlLF is missing<BR>
[10-Mar-2015 20:35:57 Europe/London] <B>Warning:</B> character controlVT is missing<BR>
[10-Mar-2015 20:35:57 Europe/London] <B>Warning:</B> character controlFF is missing<BR>
[10-Mar-2015 20:35:57 Europe/London] <B>Warning:</B> character controlCR is missing<BR>
[10-Mar-2015 20:35:57 Europe/London] <B>Warning:</B> character controlSO is missing<BR>
[10-Mar-2015 20:35:57 Europe/London] <B>Warning:</B> character controlSI is missing<BR>
[10-Mar-2015 20:35:57 Europe/London] <B>Warning:</B> character controlDLE is missing<BR>
[10-Mar-2015 20:35:57 Europe/London] <B>Warning:</B> character controlDC1 is missing<BR>
[10-Mar-2015 20:35:57 Europe/London] <B>Warning:</B> character controlDC2 is missing<BR>
[10-Mar-2015 20:35:57 Europe/London] <B>Warning:</B> character controlDC3 is missing<BR>
[10-Mar-2015 20:35:57 Europe/London] <B>Warning:</B> character controlDC4 is missing<BR>
[10-Mar-2015 20:35:57 Europe/London] <B>Warning:</B> character controlNAK is missing<BR>
[10-Mar-2015 20:35:57 Europe/London] <B>Warning:</B> character controlSYN is missing<BR>
[10-Mar-2015 20:35:57 Europe/London] <B>Warning:</B> character controlETB is missing<BR>
[10-Mar-2015 20:35:57 Europe/London] <B>Warning:</B> character controlCAN is missing<BR>
[10-Mar-2015 20:35:57 Europe/London] <B>Warning:</B> character controlEM is missing<BR>
[10-Mar-2015 20:35:57 Europe/London] <B>Warning:</B> character controlSUB is missing<BR>
[10-Mar-2015 20:35:57 Europe/London] <B>Warning:</B> character controlESC is missing<BR>
[10-Mar-2015 20:35:57 Europe/London] <B>Warning:</B> character controlFS is missing<BR>
[10-Mar-2015 20:35:57 Europe/London] <B>Warning:</B> character controlGS is missing<BR>
[10-Mar-2015 20:35:57 Europe/London] <B>Warning:</B> character controlRS is missing<BR>
[10-Mar-2015 20:35:57 Europe/London] <B>Warning:</B> character controlUS is missing<BR>
[10-Mar-2015 20:35:57 Europe/London] <B>Warning:</B> character controlDEL is missing<BR>
[10-Mar-2015 20:35:57 Europe/London] <B>Warning:</B> character u0080 is missing<BR>
[10-Mar-2015 20:35:57 Europe/London] <B>Warning:</B> character u0081 is missing<BR>
[10-Mar-2015 20:35:57 Europe/London] <B>Warning:</B> character u0082 is missing<BR>
[10-Mar-2015 20:35:57 Europe/London] <B>Warning:</B> character u0083 is missing<BR>
[10-Mar-2015 20:35:57 Europe/London] <B>Warning:</B> character u0084 is missing<BR>
[10-Mar-2015 20:35:57 Europe/London] <B>Warning:</B> character u0085 is missing<BR>
[10-Mar-2015 20:35:57 Europe/London] <B>Warning:</B> character u0086 is missing<BR>
[10-Mar-2015 20:35:57 Europe/London] <B>Warning:</B> character u0087 is missing<BR>
[10-Mar-2015 20:35:57 Europe/London] <B>Warning:</B> character u0088 is missing<BR>
[10-Mar-2015 20:35:57 Europe/London] <B>Warning:</B> character u0089 is missing<BR>
[10-Mar-2015 20:35:57 Europe/London] <B>Warning:</B> character u008A is missing<BR>
[10-Mar-2015 20:35:57 Europe/London] <B>Warning:</B> character u008B is missing<BR>
[10-Mar-2015 20:35:57 Europe/London] <B>Warning:</B> character u008C is missing<BR>
[10-Mar-2015 20:35:57 Europe/London] <B>Warning:</B> character u008D is missing<BR>
[10-Mar-2015 20:35:57 Europe/London] <B>Warning:</B> character u008E is missing<BR>
[10-Mar-2015 20:35:57 Europe/London] <B>Warning:</B> character u008F is missing<BR>
[10-Mar-2015 20:35:57 Europe/London] <B>Warning:</B> character u0090 is missing<BR>
[10-Mar-2015 20:35:57 Europe/London] <B>Warning:</B> character u0091 is missing<BR>
[10-Mar-2015 20:35:57 Europe/London] <B>Warning:</B> character u0092 is missing<BR>
[10-Mar-2015 20:35:57 Europe/London] <B>Warning:</B> character u0093 is missing<BR>
[10-Mar-2015 20:35:57 Europe/London] <B>Warning:</B> character u0094 is missing<BR>
[10-Mar-2015 20:35:57 Europe/London] <B>Warning:</B> character u0095 is missing<BR>
[10-Mar-2015 20:35:57 Europe/London] <B>Warning:</B> character u0096 is missing<BR>
[10-Mar-2015 20:35:57 Europe/London] <B>Warning:</B> character u0097 is missing<BR>
[10-Mar-2015 20:35:57 Europe/London] <B>Warning:</B> character u0098 is missing<BR>
[10-Mar-2015 20:35:57 Europe/London] <B>Warning:</B> character u0099 is missing<BR>
[10-Mar-2015 20:35:57 Europe/London] <B>Warning:</B> character u009A is missing<BR>
[10-Mar-2015 20:35:57 Europe/London] <B>Warning:</B> character u009B is missing<BR>
[10-Mar-2015 20:35:57 Europe/London] <B>Warning:</B> character u009C is missing<BR>
[10-Mar-2015 20:35:57 Europe/London] <B>Warning:</B> character u009D is missing<BR>
[10-Mar-2015 20:35:57 Europe/London] <B>Warning:</B> character u009E is missing<BR>
[10-Mar-2015 20:35:57 Europe/London] <B>Warning:</B> character u009F is missing<BR>
[10-Mar-2015 20:35:57 Europe/London] <B>Warning:</B> character nonbreakingspace is missing<BR>
[10-Mar-2015 20:35:57 Europe/London] <B>Warning:</B> character softhyphen is missing<BR>
[10-Mar-2015 20:35:59 Europe/London] <B>Warning:</B> character u0000 is missing<BR>
[10-Mar-2015 20:35:59 Europe/London] <B>Warning:</B> character controlSTX is missing<BR>
[10-Mar-2015 20:35:59 Europe/London] <B>Warning:</B> character controlSOT is missing<BR>
[10-Mar-2015 20:35:59 Europe/London] <B>Warning:</B> character controlETX is missing<BR>
[10-Mar-2015 20:35:59 Europe/London] <B>Warning:</B> character controlEOT is missing<BR>
[10-Mar-2015 20:35:59 Europe/London] <B>Warning:</B> character controlENQ is missing<BR>
[10-Mar-2015 20:35:59 Europe/London] <B>Warning:</B> character controlACK is missing<BR>
[10-Mar-2015 20:35:59 Europe/London] <B>Warning:</B> character controlBEL is missing<BR>
[10-Mar-2015 20:35:59 Europe/London] <B>Warning:</B> character controlBS is missing<BR>
[10-Mar-2015 20:35:59 Europe/London] <B>Warning:</B> character controlHT is missing<BR>
[10-Mar-2015 20:35:59 Europe/London] <B>Warning:</B> character controlLF is missing<BR>
[10-Mar-2015 20:35:59 Europe/London] <B>Warning:</B> character controlVT is missing<BR>
[10-Mar-2015 20:35:59 Europe/London] <B>Warning:</B> character controlFF is missing<BR>
[10-Mar-2015 20:35:59 Europe/London] <B>Warning:</B> character controlCR is missing<BR>
[10-Mar-2015 20:35:59 Europe/London] <B>Warning:</B> character controlSO is missing<BR>
[10-Mar-2015 20:35:59 Europe/London] <B>Warning:</B> character controlSI is missing<BR>
[10-Mar-2015 20:35:59 Europe/London] <B>Warning:</B> character controlDLE is missing<BR>
[10-Mar-2015 20:35:59 Europe/London] <B>Warning:</B> character controlDC1 is missing<BR>
[10-Mar-2015 20:35:59 Europe/London] <B>Warning:</B> character controlDC2 is missing<BR>
[10-Mar-2015 20:35:59 Europe/London] <B>Warning:</B> character controlDC3 is missing<BR>
[10-Mar-2015 20:35:59 Europe/London] <B>Warning:</B> character controlDC4 is missing<BR>
[10-Mar-2015 20:35:59 Europe/London] <B>Warning:</B> character controlNAK is missing<BR>
[10-Mar-2015 20:35:59 Europe/London] <B>Warning:</B> character controlSYN is missing<BR>
[10-Mar-2015 20:35:59 Europe/London] <B>Warning:</B> character controlETB is missing<BR>
[10-Mar-2015 20:35:59 Europe/London] <B>Warning:</B> character controlCAN is missing<BR>
[10-Mar-2015 20:35:59 Europe/London] <B>Warning:</B> character controlEM is missing<BR>
[10-Mar-2015 20:35:59 Europe/London] <B>Warning:</B> character controlSUB is missing<BR>
[10-Mar-2015 20:35:59 Europe/London] <B>Warning:</B> character controlESC is missing<BR>
[10-Mar-2015 20:35:59 Europe/London] <B>Warning:</B> character controlFS is missing<BR>
[10-Mar-2015 20:35:59 Europe/London] <B>Warning:</B> character controlGS is missing<BR>
[10-Mar-2015 20:35:59 Europe/London] <B>Warning:</B> character controlRS is missing<BR>
[10-Mar-2015 20:35:59 Europe/London] <B>Warning:</B> character controlUS is missing<BR>
[10-Mar-2015 20:35:59 Europe/London] <B>Warning:</B> character controlDEL is missing<BR>
[10-Mar-2015 20:35:59 Europe/London] <B>Warning:</B> character u0080 is missing<BR>
[10-Mar-2015 20:35:59 Europe/London] <B>Warning:</B> character u0081 is missing<BR>
[10-Mar-2015 20:35:59 Europe/London] <B>Warning:</B> character u0082 is missing<BR>
[10-Mar-2015 20:35:59 Europe/London] <B>Warning:</B> character u0083 is missing<BR>
[10-Mar-2015 20:35:59 Europe/London] <B>Warning:</B> character u0084 is missing<BR>
[10-Mar-2015 20:35:59 Europe/London] <B>Warning:</B> character u0085 is missing<BR>
[10-Mar-2015 20:35:59 Europe/London] <B>Warning:</B> character u0086 is missing<BR>
[10-Mar-2015 20:35:59 Europe/London] <B>Warning:</B> character u0087 is missing<BR>
[10-Mar-2015 20:35:59 Europe/London] <B>Warning:</B> character u0088 is missing<BR>
[10-Mar-2015 20:35:59 Europe/London] <B>Warning:</B> character u0089 is missing<BR>
[10-Mar-2015 20:35:59 Europe/London] <B>Warning:</B> character u008A is missing<BR>
[10-Mar-2015 20:35:59 Europe/London] <B>Warning:</B> character u008B is missing<BR>
[10-Mar-2015 20:35:59 Europe/London] <B>Warning:</B> character u008C is missing<BR>
[10-Mar-2015 20:35:59 Europe/London] <B>Warning:</B> character u008D is missing<BR>
[10-Mar-2015 20:35:59 Europe/London] <B>Warning:</B> character u008E is missing<BR>
[10-Mar-2015 20:35:59 Europe/London] <B>Warning:</B> character u008F is missing<BR>
[10-Mar-2015 20:35:59 Europe/London] <B>Warning:</B> character u0090 is missing<BR>
[10-Mar-2015 20:35:59 Europe/London] <B>Warning:</B> character u0091 is missing<BR>
[10-Mar-2015 20:35:59 Europe/London] <B>Warning:</B> character u0092 is missing<BR>
[10-Mar-2015 20:35:59 Europe/London] <B>Warning:</B> character u0093 is missing<BR>
[10-Mar-2015 20:35:59 Europe/London] <B>Warning:</B> character u0094 is missing<BR>
[10-Mar-2015 20:35:59 Europe/London] <B>Warning:</B> character u0095 is missing<BR>
[10-Mar-2015 20:35:59 Europe/London] <B>Warning:</B> character u0096 is missing<BR>
[10-Mar-2015 20:35:59 Europe/London] <B>Warning:</B> character u0097 is missing<BR>
[10-Mar-2015 20:35:59 Europe/London] <B>Warning:</B> character u0098 is missing<BR>
[10-Mar-2015 20:35:59 Europe/London] <B>Warning:</B> character u0099 is missing<BR>
[10-Mar-2015 20:35:59 Europe/London] <B>Warning:</B> character u009A is missing<BR>
[10-Mar-2015 20:35:59 Europe/London] <B>Warning:</B> character u009B is missing<BR>
[10-Mar-2015 20:35:59 Europe/London] <B>Warning:</B> character u009C is missing<BR>
[10-Mar-2015 20:35:59 Europe/London] <B>Warning:</B> character u009D is missing<BR>
[10-Mar-2015 20:35:59 Europe/London] <B>Warning:</B> character u009E is missing<BR>
[10-Mar-2015 20:35:59 Europe/London] <B>Warning:</B> character u009F is missing<BR>
[10-Mar-2015 20:35:59 Europe/London] <B>Warning:</B> character nonbreakingspace is missing<BR>
[10-Mar-2015 20:35:59 Europe/London] <B>Warning:</B> character softhyphen is missing<BR>
[12-Mar-2015 18:56:08 Europe/London] Cannot open 
[12-Mar-2015 18:56:08 Europe/London] Cannot open http://si.trwa.ca//templates/invoices/logos/TR_Logo-491x116.jpg, HTTP result code is: 404
[12-Mar-2015 18:56:10 Europe/London] <B>Warning:</B> character u0000 is missing<BR>
[12-Mar-2015 18:56:10 Europe/London] <B>Warning:</B> character controlSTX is missing<BR>
[12-Mar-2015 18:56:10 Europe/London] <B>Warning:</B> character controlSOT is missing<BR>
[12-Mar-2015 18:56:10 Europe/London] <B>Warning:</B> character controlETX is missing<BR>
[12-Mar-2015 18:56:10 Europe/London] <B>Warning:</B> character controlEOT is missing<BR>
[12-Mar-2015 18:56:10 Europe/London] <B>Warning:</B> character controlENQ is missing<BR>
[12-Mar-2015 18:56:10 Europe/London] <B>Warning:</B> character controlACK is missing<BR>
[12-Mar-2015 18:56:10 Europe/London] <B>Warning:</B> character controlBEL is missing<BR>
[12-Mar-2015 18:56:10 Europe/London] <B>Warning:</B> character controlBS is missing<BR>
[12-Mar-2015 18:56:10 Europe/London] <B>Warning:</B> character controlHT is missing<BR>
[12-Mar-2015 18:56:10 Europe/London] <B>Warning:</B> character controlLF is missing<BR>
[12-Mar-2015 18:56:10 Europe/London] <B>Warning:</B> character controlVT is missing<BR>
[12-Mar-2015 18:56:10 Europe/London] <B>Warning:</B> character controlFF is missing<BR>
[12-Mar-2015 18:56:10 Europe/London] <B>Warning:</B> character controlCR is missing<BR>
[12-Mar-2015 18:56:10 Europe/London] <B>Warning:</B> character controlSO is missing<BR>
[12-Mar-2015 18:56:10 Europe/London] <B>Warning:</B> character controlSI is missing<BR>
[12-Mar-2015 18:56:10 Europe/London] <B>Warning:</B> character controlDLE is missing<BR>
[12-Mar-2015 18:56:10 Europe/London] <B>Warning:</B> character controlDC1 is missing<BR>
[12-Mar-2015 18:56:10 Europe/London] <B>Warning:</B> character controlDC2 is missing<BR>
[12-Mar-2015 18:56:10 Europe/London] <B>Warning:</B> character controlDC3 is missing<BR>
[12-Mar-2015 18:56:10 Europe/London] <B>Warning:</B> character controlDC4 is missing<BR>
[12-Mar-2015 18:56:10 Europe/London] <B>Warning:</B> character controlNAK is missing<BR>
[12-Mar-2015 18:56:10 Europe/London] <B>Warning:</B> character controlSYN is missing<BR>
[12-Mar-2015 18:56:10 Europe/London] <B>Warning:</B> character controlETB is missing<BR>
[12-Mar-2015 18:56:10 Europe/London] <B>Warning:</B> character controlCAN is missing<BR>
[12-Mar-2015 18:56:10 Europe/London] <B>Warning:</B> character controlEM is missing<BR>
[12-Mar-2015 18:56:10 Europe/London] <B>Warning:</B> character controlSUB is missing<BR>
[12-Mar-2015 18:56:10 Europe/London] <B>Warning:</B> character controlESC is missing<BR>
[12-Mar-2015 18:56:10 Europe/London] <B>Warning:</B> character controlFS is missing<BR>
[12-Mar-2015 18:56:10 Europe/London] <B>Warning:</B> character controlGS is missing<BR>
[12-Mar-2015 18:56:10 Europe/London] <B>Warning:</B> character controlRS is missing<BR>
[12-Mar-2015 18:56:10 Europe/London] <B>Warning:</B> character controlUS is missing<BR>
[12-Mar-2015 18:56:10 Europe/London] <B>Warning:</B> character controlDEL is missing<BR>
[12-Mar-2015 18:56:10 Europe/London] <B>Warning:</B> character euro is missing<BR>
[12-Mar-2015 18:56:10 Europe/London] <B>Warning:</B> character nonbreakingspace is missing<BR>
[12-Mar-2015 18:56:10 Europe/London] <B>Warning:</B> character softhyphen is missing<BR>
[12-Mar-2015 18:57:54 Europe/London] Cannot open 
[12-Mar-2015 18:57:54 Europe/London] Cannot open http://si.trwa.ca//templates/invoices/logos/TR_Logo-491x116.jpg, HTTP result code is: 404
[12-Mar-2015 19:07:16 Europe/London] Cannot open 
[12-Mar-2015 19:07:31 Europe/London] Cannot open 
[12-Mar-2015 19:12:23 Europe/London] Cannot open 
[12-Mar-2015 19:14:43 Europe/London] Cannot open 
[17-Mar-2015 00:05:42 Europe/London] Cannot open 
[17-Mar-2015 00:11:57 Europe/London] Cannot open 
[17-Mar-2015 03:20:29 Europe/London] Cannot open 
[17-Mar-2015 03:26:37 Europe/London] Cannot open 
[20-Mar-2015 15:56:20 Europe/London] Cannot open 
[26-Mar-2015 16:13:12 Europe/London] Cannot open 
[26-Mar-2015 16:15:50 Europe/London] Cannot open 
[27-Mar-2015 01:26:15 Europe/London] Cannot open 
[06-Apr-2015 20:00:58 Europe/London] Cannot open 
[14-Apr-2015 16:45:44 Europe/London] Cannot open 
[24-Apr-2015 19:21:48 Europe/London] Cannot open 
[01-May-2015 16:58:39 Europe/London] Cannot open 
[01-May-2015 17:00:58 Europe/London] Cannot open 
[12-May-2015 16:06:08 Europe/London] Cannot open 
[12-May-2015 16:06:21 Europe/London] Cannot open 
[19-May-2015 19:11:02 Europe/London] Cannot open 
[02-Jun-2015 17:56:41 Europe/London] Cannot open 
[02-Jun-2015 17:57:29 Europe/London] Cannot open 
[02-Jun-2015 18:59:56 Europe/London] Cannot open 
[08-Jun-2015 20:26:46 Europe/London] Cannot open 
[10-Jun-2015 20:35:04 Europe/London] Cannot open 
[12-Jun-2015 15:29:38 Europe/London] Cannot open 
[12-Jun-2015 15:31:05 Europe/London] Cannot open 
[24-Jun-2015 16:21:58 Europe/London] Cannot open 
[24-Jun-2015 16:23:38 Europe/London] Cannot open 
[15-Jul-2015 14:50:18 Europe/London] Cannot open 
[15-Jul-2015 15:07:24 Europe/London] Cannot open 
[17-Jul-2015 20:19:18 Europe/London] Cannot open 
[24-Jul-2015 20:21:30 Europe/London] Cannot open 
[24-Jul-2015 20:21:41 Europe/London] Cannot open 
[24-Jul-2015 20:22:30 Europe/London] Cannot open 
[24-Jul-2015 20:24:28 Europe/London] Cannot open 
[31-Jul-2015 19:14:18 Europe/London] Cannot open 
[31-Jul-2015 19:16:05 Europe/London] Cannot open 
