2009-01-05T08:54:36+11:00 INFO (6): Itemised invoice created
2009-01-05T08:55:26+11:00 INFO (6): Itemised invoice created
2009-01-05T08:57:40+11:00 INFO (6): Itemised invoice created
2009-01-05T08:58:41+11:00 INFO (6): Itemised invoice created
2009-01-05T09:00:57+11:00 INFO (6): Itemised invoice created
2009-01-05T09:01:23+11:00 INFO (6): Itemised invoice created
2009-01-05T09:02:30+11:00 INFO (6): Itemised invoice created
2009-01-05T09:02:57+11:00 INFO (6): Itemised invoice created
2009-01-05T09:02:58+11:00 INFO (6): Itemised invoice created
2009-01-05T09:03:59+11:00 INFO (6): Itemised invoice created
2009-01-05T09:07:38+11:00 INFO (6): Itemised invoice created
2009-01-05T09:32:23+11:00 INFO (6): Itemised invoice created
2009-01-05T09:33:14+11:00 INFO (6): Itemised invoice created
2009-01-05T09:48:05+11:00 INFO (6): Itemised invoice created
2009-01-05T10:45:39+11:00 INFO (6): Itemised invoice created
2009-01-05T10:47:02+11:00 INFO (6): Itemised invoice created
2009-01-05T13:31:41+11:00 INFO (6): Itemised invoice created
2009-01-05T13:37:00+11:00 INFO (6): Itemised invoice created
2009-01-05T13:40:31+11:00 INFO (6): Itemised invoice created
2009-01-05T13:46:53+11:00 INFO (6): Itemised invoice created
2009-01-05T13:47:58+11:00 INFO (6): Itemised invoice created
2009-01-05T13:49:26+11:00 INFO (6): Itemised invoice created
2009-01-05T13:50:26+11:00 INFO (6): Itemised invoice created
2009-01-05T13:51:47+11:00 INFO (6): Itemised invoice created
2009-01-05T13:52:47+11:00 INFO (6): Itemised invoice created
2009-01-05T13:53:18+11:00 INFO (6): Itemised invoice created
2009-01-05T13:57:37+11:00 INFO (6): Itemised invoice created
2009-01-05T14:14:19+11:00 INFO (6): Itemised invoice created
2009-01-05T14:16:30+11:00 INFO (6): Itemised invoice created
2009-01-05T14:23:41+11:00 INFO (6): Itemised invoice created
2009-01-05T14:24:45+11:00 INFO (6): Itemised invoice created
2009-01-05T14:25:42+11:00 INFO (6): Itemised invoice created
2009-01-05T14:26:52+11:00 INFO (6): Itemised invoice created
2009-01-05T14:27:06+11:00 INFO (6): Itemised invoice created
2009-01-05T14:28:14+11:00 INFO (6): Itemised invoice created
2009-01-05T14:28:28+11:00 INFO (6): Itemised invoice created
2009-01-05T14:31:00+11:00 INFO (6): Itemised invoice created
2009-01-05T14:32:36+11:00 INFO (6): Itemised invoice created
2009-01-05T14:32:48+11:00 INFO (6): Itemised invoice created
2009-01-05T14:36:30+11:00 INFO (6): Itemised invoice created
2009-01-05T14:42:52+11:00 INFO (6): Itemised invoice created
2009-01-05T14:45:45+11:00 INFO (6): Itemised invoice created
2009-01-05T14:47:23+11:00 INFO (6): Itemised invoice created
2009-01-05T14:48:37+11:00 INFO (6): Itemised invoice created
2009-01-05T14:54:39+11:00 INFO (6): Itemised invoice created
2009-01-05T14:55:22+11:00 INFO (6): Itemised invoice created
2009-01-05T14:55:47+11:00 INFO (6): Itemised invoice created
2009-01-05T14:56:10+11:00 INFO (6): Itemised invoice created
2009-01-05T14:57:12+11:00 INFO (6): Itemised invoice created
2009-01-05T14:57:38+11:00 INFO (6): Itemised invoice created
2009-01-05T14:58:17+11:00 INFO (6): Itemised invoice created
2009-01-05T14:59:37+11:00 INFO (6): Itemised invoice created
2009-01-05T14:59:55+11:00 INFO (6): Itemised invoice created
2009-01-05T15:03:37+11:00 INFO (6): Itemised invoice created
2009-01-05T15:05:31+11:00 INFO (6): Itemised invoice created
2009-01-05T15:05:45+11:00 INFO (6): Itemised invoice created
2009-01-05T15:06:03+11:00 INFO (6): Itemised invoice created
2009-01-05T15:06:21+11:00 INFO (6): Itemised invoice created
2009-01-05T15:09:03+11:00 INFO (6): Itemised invoice created
2009-01-05T15:10:24+11:00 INFO (6): Itemised invoice created
2009-01-05T15:11:05+11:00 INFO (6): Itemised invoice created
2009-01-05T15:12:09+11:00 INFO (6): Itemised invoice created
2009-01-05T15:15:28+11:00 INFO (6): Itemised invoice created
2009-01-05T15:17:33+11:00 INFO (6): Itemised invoice created
2009-01-05T15:17:47+11:00 INFO (6): Itemised invoice created
2009-01-05T15:17:51+11:00 INFO (6): Itemised invoice created
2009-01-05T15:17:53+11:00 INFO (6): Itemised invoice created
2009-01-05T15:18:23+11:00 INFO (6): Itemised invoice created
2009-01-05T15:18:26+11:00 INFO (6): Itemised invoice created
2009-01-05T15:28:52+11:00 INFO (6): Itemised invoice created
2009-01-05T15:30:17+11:00 INFO (6): Itemised invoice created
2009-01-05T15:31:02+11:00 INFO (6): Itemised invoice created
2009-01-05T15:31:51+11:00 INFO (6): Itemised invoice created
2009-01-05T15:45:51+11:00 INFO (6): Itemised invoice created
2009-01-05T15:48:27+11:00 INFO (6): Itemised invoice created
2009-01-05T15:49:39+11:00 INFO (6): Itemised invoice created
2009-01-05T15:50:28+11:00 INFO (6): Itemised invoice created
2009-01-05T15:50:50+11:00 INFO (6): Itemised invoice created
2009-01-05T15:56:18+11:00 INFO (6): Itemised invoice created
2009-01-05T16:37:41+11:00 INFO (6): Itemised invoice created
2009-01-05T16:37:53+11:00 INFO (6): Itemised invoice created
2009-01-05T16:43:18+11:00 INFO (6): Itemised invoice created
2009-01-05T16:44:22+11:00 INFO (6): Itemised invoice created
2009-01-05T16:46:06+11:00 INFO (6): Itemised invoice created
2009-01-05T16:47:08+11:00 INFO (6): Itemised invoice created
2009-01-05T16:49:05+11:00 INFO (6): Itemised invoice created
2009-01-05T16:56:32+11:00 INFO (6): Itemised invoice created
2009-01-06T08:49:02+11:00 INFO (6): Itemised invoice created
2009-01-06T09:09:57+11:00 INFO (6): Itemised invoice created
2009-01-06T09:11:52+11:00 INFO (6): Itemised invoice created
2009-01-06T09:12:20+11:00 INFO (6): Itemised invoice created
2009-01-06T09:12:47+11:00 INFO (6): Itemised invoice created
2009-01-06T09:18:03+11:00 INFO (6): Itemised invoice created
2009-01-06T09:18:13+11:00 INFO (6): Itemised invoice created
2009-01-06T09:18:34+11:00 INFO (6): Itemised invoice created
2009-01-06T09:18:45+11:00 INFO (6): Itemised invoice created
2009-01-06T09:19:06+11:00 INFO (6): Itemised invoice created
2009-01-06T09:19:14+11:00 INFO (6): Itemised invoice created
2009-01-06T09:21:33+11:00 INFO (6): Itemised invoice created
2009-01-06T09:22:50+11:00 INFO (6): Itemised invoice created
2009-01-06T09:23:04+11:00 INFO (6): Itemised invoice created
2009-01-06T09:23:29+11:00 INFO (6): Itemised invoice created
2009-01-06T09:29:06+11:00 INFO (6): Max items:9
2009-01-06T09:29:06+11:00 INFO (6): i=0
2009-01-06T09:29:06+11:00 INFO (6): qty=1
2009-01-06T09:29:06+11:00 INFO (6): Key: 0 Value: 1
2009-01-06T09:29:06+11:00 INFO (6): tax rate: 10.000000
2009-01-06T09:29:06+11:00 INFO (6): Invoice: 13 Tax Array for line item 0: 12.5
2009-01-06T09:29:06+11:00 INFO (6):  
2009-01-06T09:29:06+11:00 INFO (6): ITEM :: Key: 0 Value: 1
2009-01-06T09:29:06+11:00 INFO (6): ITEM :: tax rate: 10.000000
2009-01-06T09:29:06+11:00 INFO (6): ITEM :: Qty: 1 Unit price: 125.00
2009-01-06T09:29:06+11:00 INFO (6): ITEM :: Tax rate: 10.000000 Tax type: % Tax $: 12.5
2009-01-06T09:29:06+11:00 INFO (6): i=1
2009-01-06T09:29:06+11:00 INFO (6): qty=1
2009-01-06T09:29:06+11:00 INFO (6): Key: 0 Value: 1
2009-01-06T09:29:06+11:00 INFO (6): tax rate: 10.000000
2009-01-06T09:29:06+11:00 INFO (6): Invoice: 13 Tax Array for line item 1: 1.55
2009-01-06T09:29:06+11:00 INFO (6):  
2009-01-06T09:29:06+11:00 INFO (6): ITEM :: Key: 0 Value: 1
2009-01-06T09:29:06+11:00 INFO (6): ITEM :: tax rate: 10.000000
2009-01-06T09:29:06+11:00 INFO (6): ITEM :: Qty: 1 Unit price: 15.50
2009-01-06T09:29:06+11:00 INFO (6): ITEM :: Tax rate: 10.000000 Tax type: % Tax $: 1.55
2009-01-06T09:29:06+11:00 INFO (6): i=2
2009-01-06T09:29:06+11:00 INFO (6): qty=1
2009-01-06T09:29:06+11:00 INFO (6): Key: 0 Value: 1
2009-01-06T09:29:06+11:00 INFO (6): tax rate: 10.000000
2009-01-06T09:29:06+11:00 INFO (6): Invoice: 13 Tax Array for line item 2: 12.5
2009-01-06T09:29:06+11:00 INFO (6):  
2009-01-06T09:29:06+11:00 INFO (6): ITEM :: Key: 0 Value: 1
2009-01-06T09:29:06+11:00 INFO (6): ITEM :: tax rate: 10.000000
2009-01-06T09:29:06+11:00 INFO (6): ITEM :: Qty: 1 Unit price: 125.00
2009-01-06T09:29:06+11:00 INFO (6): ITEM :: Tax rate: 10.000000 Tax type: % Tax $: 12.5
2009-01-06T09:29:06+11:00 INFO (6): i=3
2009-01-06T09:29:06+11:00 INFO (6): qty=
2009-01-06T09:29:06+11:00 INFO (6): i=4
2009-01-06T09:29:06+11:00 INFO (6): qty=
2009-01-06T09:29:06+11:00 INFO (6): i=5
2009-01-06T09:29:06+11:00 INFO (6): qty=
2009-01-06T09:29:06+11:00 INFO (6): i=6
2009-01-06T09:29:06+11:00 INFO (6): qty=
2009-01-06T09:29:06+11:00 INFO (6): i=7
2009-01-06T09:29:06+11:00 INFO (6): qty=
2009-01-06T09:29:06+11:00 INFO (6): i=8
2009-01-06T09:29:06+11:00 INFO (6): qty=
2009-01-06T09:29:06+11:00 INFO (6): i=9
2009-01-06T09:29:06+11:00 INFO (6): qty=
2009-01-06T09:35:42+11:00 INFO (6): Max items:14
2009-01-06T09:35:42+11:00 INFO (6): i=0
2009-01-06T09:35:42+11:00 INFO (6): qty=1
2009-01-06T09:35:42+11:00 INFO (6): Key: 0 Value: 1
2009-01-06T09:35:42+11:00 INFO (6): tax rate: 10.000000
2009-01-06T09:35:42+11:00 INFO (6): Invoice: 14 Tax Array for line item 0: 15
2009-01-06T09:35:42+11:00 INFO (6):  
2009-01-06T09:35:42+11:00 INFO (6): ITEM :: Key: 0 Value: 1
2009-01-06T09:35:42+11:00 INFO (6): ITEM :: tax rate: 10.000000
2009-01-06T09:35:42+11:00 INFO (6): ITEM :: Qty: 1 Unit price: 150.00
2009-01-06T09:35:42+11:00 INFO (6): ITEM :: Tax rate: 10.000000 Tax type: % Tax $: 15
2009-01-06T09:35:42+11:00 INFO (6): i=1
2009-01-06T09:35:42+11:00 INFO (6): qty=1
2009-01-06T09:35:42+11:00 INFO (6): Key: 0 Value: 1
2009-01-06T09:35:42+11:00 INFO (6): tax rate: 10.000000
2009-01-06T09:35:42+11:00 INFO (6): Invoice: 14 Tax Array for line item 1: 12.5
2009-01-06T09:35:42+11:00 INFO (6):  
2009-01-06T09:35:42+11:00 INFO (6): ITEM :: Key: 0 Value: 1
2009-01-06T09:35:42+11:00 INFO (6): ITEM :: tax rate: 10.000000
2009-01-06T09:35:42+11:00 INFO (6): ITEM :: Qty: 1 Unit price: 125.00
2009-01-06T09:35:42+11:00 INFO (6): ITEM :: Tax rate: 10.000000 Tax type: % Tax $: 12.5
2009-01-06T09:35:42+11:00 INFO (6): i=2
2009-01-06T09:35:42+11:00 INFO (6): qty=1
2009-01-06T09:35:42+11:00 INFO (6): Key: 0 Value: 1
2009-01-06T09:35:42+11:00 INFO (6): tax rate: 10.000000
2009-01-06T09:35:42+11:00 INFO (6): Invoice: 14 Tax Array for line item 2: 15
2009-01-06T09:35:42+11:00 INFO (6):  
2009-01-06T09:35:42+11:00 INFO (6): ITEM :: Key: 0 Value: 1
2009-01-06T09:35:42+11:00 INFO (6): ITEM :: tax rate: 10.000000
2009-01-06T09:35:42+11:00 INFO (6): ITEM :: Qty: 1 Unit price: 150.00
2009-01-06T09:35:42+11:00 INFO (6): ITEM :: Tax rate: 10.000000 Tax type: % Tax $: 15
2009-01-06T09:35:42+11:00 INFO (6): i=3
2009-01-06T09:35:42+11:00 INFO (6): qty=
2009-01-06T09:35:42+11:00 INFO (6): i=4
2009-01-06T09:35:42+11:00 INFO (6): qty=
2009-01-06T09:35:42+11:00 INFO (6): i=5
2009-01-06T09:35:42+11:00 INFO (6): qty=
2009-01-06T09:35:42+11:00 INFO (6): i=6
2009-01-06T09:35:42+11:00 INFO (6): qty=
2009-01-06T09:35:42+11:00 INFO (6): i=7
2009-01-06T09:35:42+11:00 INFO (6): qty=
2009-01-06T09:35:42+11:00 INFO (6): i=8
2009-01-06T09:35:42+11:00 INFO (6): qty=
2009-01-06T09:35:42+11:00 INFO (6): i=9
2009-01-06T09:35:42+11:00 INFO (6): qty=
2009-01-06T09:35:42+11:00 INFO (6): i=10
2009-01-06T09:35:42+11:00 INFO (6): qty=
2009-01-06T09:35:42+11:00 INFO (6): i=11
2009-01-06T09:35:42+11:00 INFO (6): qty=
2009-01-06T09:35:42+11:00 INFO (6): i=12
2009-01-06T09:35:42+11:00 INFO (6): qty=
2009-01-06T09:35:42+11:00 INFO (6): i=13
2009-01-06T09:35:42+11:00 INFO (6): qty=
2009-01-06T09:35:42+11:00 INFO (6): i=14
2009-01-06T09:35:42+11:00 INFO (6): qty=
2009-01-06T09:35:55+11:00 INFO (6): Itemised invoice created
2009-01-06T09:36:18+11:00 INFO (6): Max items:7
2009-01-06T09:36:18+11:00 INFO (6): i=0
2009-01-06T09:36:18+11:00 INFO (6): qty=1
2009-01-06T09:36:18+11:00 INFO (6): Key: 0 Value: 1
2009-01-06T09:36:18+11:00 INFO (6): tax rate: 10.000000
2009-01-06T09:36:18+11:00 INFO (6): Invoice: 15 Tax Array for line item 0: 1.55
2009-01-06T09:36:18+11:00 INFO (6):  
2009-01-06T09:36:18+11:00 INFO (6): ITEM :: Key: 0 Value: 1
2009-01-06T09:36:18+11:00 INFO (6): ITEM :: tax rate: 10.000000
2009-01-06T09:36:18+11:00 INFO (6): ITEM :: Qty: 1 Unit price: 15.50
2009-01-06T09:36:18+11:00 INFO (6): ITEM :: Tax rate: 10.000000 Tax type: % Tax $: 1.55
2009-01-06T09:36:18+11:00 INFO (6): i=1
2009-01-06T09:36:18+11:00 INFO (6): qty=1
2009-01-06T09:36:18+11:00 INFO (6): Key: 0 Value: 1
2009-01-06T09:36:18+11:00 INFO (6): tax rate: 10.000000
2009-01-06T09:36:18+11:00 INFO (6): Invoice: 15 Tax Array for line item 1: 12.5
2009-01-06T09:36:18+11:00 INFO (6):  
2009-01-06T09:36:18+11:00 INFO (6): ITEM :: Key: 0 Value: 1
2009-01-06T09:36:18+11:00 INFO (6): ITEM :: tax rate: 10.000000
2009-01-06T09:36:18+11:00 INFO (6): ITEM :: Qty: 1 Unit price: 125.00
2009-01-06T09:36:18+11:00 INFO (6): ITEM :: Tax rate: 10.000000 Tax type: % Tax $: 12.5
2009-01-06T09:36:18+11:00 INFO (6): i=2
2009-01-06T09:36:18+11:00 INFO (6): qty=1
2009-01-06T09:36:18+11:00 INFO (6): Key: 0 Value: 1
2009-01-06T09:36:18+11:00 INFO (6): tax rate: 10.000000
2009-01-06T09:36:18+11:00 INFO (6): Invoice: 15 Tax Array for line item 2: 1.55
2009-01-06T09:36:18+11:00 INFO (6):  
2009-01-06T09:36:18+11:00 INFO (6): ITEM :: Key: 0 Value: 1
2009-01-06T09:36:18+11:00 INFO (6): ITEM :: tax rate: 10.000000
2009-01-06T09:36:18+11:00 INFO (6): ITEM :: Qty: 1 Unit price: 15.50
2009-01-06T09:36:18+11:00 INFO (6): ITEM :: Tax rate: 10.000000 Tax type: % Tax $: 1.55
2009-01-06T09:36:18+11:00 INFO (6): i=3
2009-01-06T09:36:18+11:00 INFO (6): qty=1
2009-01-06T09:36:18+11:00 INFO (6): Key: 0 Value: 1
2009-01-06T09:36:18+11:00 INFO (6): tax rate: 10.000000
2009-01-06T09:36:18+11:00 INFO (6): Invoice: 15 Tax Array for line item 3: 1.55
2009-01-06T09:36:18+11:00 INFO (6):  
2009-01-06T09:36:18+11:00 INFO (6): ITEM :: Key: 0 Value: 1
2009-01-06T09:36:18+11:00 INFO (6): ITEM :: tax rate: 10.000000
2009-01-06T09:36:18+11:00 INFO (6): ITEM :: Qty: 1 Unit price: 15.50
2009-01-06T09:36:18+11:00 INFO (6): ITEM :: Tax rate: 10.000000 Tax type: % Tax $: 1.55
2009-01-06T09:36:18+11:00 INFO (6): i=4
2009-01-06T09:36:18+11:00 INFO (6): qty=
2009-01-06T09:36:18+11:00 INFO (6): i=5
2009-01-06T09:36:18+11:00 INFO (6): qty=5
2009-01-06T09:36:18+11:00 INFO (6): Key: 0 Value: 1
2009-01-06T09:36:18+11:00 INFO (6): tax rate: 10.000000
2009-01-06T09:36:18+11:00 INFO (6): Invoice: 15 Tax Array for line item 5: 62.5
2009-01-06T09:36:18+11:00 INFO (6):  
2009-01-06T09:36:18+11:00 INFO (6): ITEM :: Key: 0 Value: 1
2009-01-06T09:36:18+11:00 INFO (6): ITEM :: tax rate: 10.000000
2009-01-06T09:36:18+11:00 INFO (6): ITEM :: Qty: 5 Unit price: 125.00
2009-01-06T09:36:18+11:00 INFO (6): ITEM :: Tax rate: 10.000000 Tax type: % Tax $: 62.5
2009-01-06T09:36:18+11:00 INFO (6): i=6
2009-01-06T09:36:18+11:00 INFO (6): qty=
2009-01-06T09:36:18+11:00 INFO (6): i=7
2009-01-06T09:36:18+11:00 INFO (6): qty=6
2009-01-06T09:36:18+11:00 INFO (6): Key: 0 Value: 1
2009-01-06T09:36:18+11:00 INFO (6): tax rate: 10.000000
2009-01-06T09:36:18+11:00 INFO (6): Invoice: 15 Tax Array for line item 7: 9.3
2009-01-06T09:36:18+11:00 INFO (6):  
2009-01-06T09:36:18+11:00 INFO (6): ITEM :: Key: 0 Value: 1
2009-01-06T09:36:18+11:00 INFO (6): ITEM :: tax rate: 10.000000
2009-01-06T09:36:18+11:00 INFO (6): ITEM :: Qty: 6 Unit price: 15.50
2009-01-06T09:36:18+11:00 INFO (6): ITEM :: Tax rate: 10.000000 Tax type: % Tax $: 9.3
2009-01-06T10:50:46+11:00 INFO (6): Itemised invoice created
2009-01-06T10:51:19+11:00 INFO (6): Itemised invoice created
2009-01-06T10:53:40+11:00 INFO (6): Itemised invoice created
2009-01-06T10:54:10+11:00 INFO (6): Itemised invoice created
2009-01-06T11:10:48+11:00 INFO (6): Itemised invoice created
2009-01-06T11:11:11+11:00 INFO (6): Itemised invoice created
2009-01-06T11:11:26+11:00 INFO (6): Max items:8
2009-01-06T11:11:26+11:00 INFO (6): i=0
2009-01-06T11:11:26+11:00 INFO (6): qty=
2009-01-06T11:11:26+11:00 INFO (6): i=1
2009-01-06T11:11:26+11:00 INFO (6): qty=
2009-01-06T11:11:26+11:00 INFO (6): i=2
2009-01-06T11:11:26+11:00 INFO (6): qty=
2009-01-06T11:11:26+11:00 INFO (6): i=3
2009-01-06T11:11:26+11:00 INFO (6): qty=
2009-01-06T11:11:26+11:00 INFO (6): i=4
2009-01-06T11:11:26+11:00 INFO (6): qty=
2009-01-06T11:11:26+11:00 INFO (6): i=5
2009-01-06T11:11:26+11:00 INFO (6): qty=1
2009-01-06T11:11:26+11:00 INFO (6): Key: 0 Value: 1
2009-01-06T11:11:26+11:00 INFO (6): tax rate: 10.000000
2009-01-06T11:11:26+11:00 INFO (6): Invoice: 16 Tax Array for line item 5: 15
2009-01-06T11:11:26+11:00 INFO (6):  
2009-01-06T11:11:26+11:00 INFO (6): ITEM :: Key: 0 Value: 1
2009-01-06T11:11:26+11:00 INFO (6): ITEM :: tax rate: 10.000000
2009-01-06T11:11:26+11:00 INFO (6): ITEM :: Qty: 1 Unit price: 150.00
2009-01-06T11:11:26+11:00 INFO (6): ITEM :: Tax rate: 10.000000 Tax type: % Tax $: 15
2009-01-06T11:11:26+11:00 INFO (6): i=6
2009-01-06T11:11:26+11:00 INFO (6): qty=
2009-01-06T11:11:26+11:00 INFO (6): i=7
2009-01-06T11:11:26+11:00 INFO (6): qty=
2009-01-06T11:11:26+11:00 INFO (6): i=8
2009-01-06T11:11:26+11:00 INFO (6): qty=
2009-01-06T11:12:27+11:00 INFO (6): Itemised invoice created
2009-01-06T11:14:59+11:00 INFO (6): Itemised invoice created
2009-01-06T11:31:36+11:00 INFO (6): Itemised invoice created
2009-01-06T11:32:11+11:00 INFO (6): Itemised invoice created
2009-01-06T11:32:54+11:00 INFO (6): Itemised invoice created
2009-01-06T11:33:36+11:00 INFO (6): Itemised invoice created
2009-01-06T11:34:23+11:00 INFO (6): Itemised invoice created
2009-01-06T11:34:51+11:00 INFO (6): Itemised invoice created
2009-01-06T11:36:13+11:00 INFO (6): Itemised invoice created
2009-01-06T11:36:28+11:00 INFO (6): Itemised invoice created
2009-01-06T11:37:08+11:00 INFO (6): Itemised invoice created
2009-01-06T11:40:49+11:00 INFO (6): Itemised invoice created
2009-01-06T11:40:50+11:00 INFO (6): Itemised invoice created
2009-01-06T11:54:01+11:00 INFO (6): Itemised invoice created
2009-01-06T11:54:48+11:00 INFO (6): Itemised invoice created
2009-01-06T11:56:33+11:00 INFO (6): Itemised invoice created
2009-01-06T11:56:49+11:00 INFO (6): Itemised invoice created
2009-01-06T11:58:05+11:00 INFO (6): Itemised invoice created
2009-01-06T11:58:32+11:00 INFO (6): Itemised invoice created
2009-01-06T12:00:29+11:00 INFO (6): Itemised invoice created
2009-01-06T12:01:19+11:00 INFO (6): Itemised invoice created
2009-01-06T12:01:33+11:00 INFO (6): Itemised invoice created
2009-01-06T12:01:34+11:00 INFO (6): Itemised invoice created
2009-01-06T13:29:47+11:00 INFO (6): Itemised invoice created
2009-01-06T13:43:49+11:00 INFO (6): Max items:7
2009-01-06T13:43:49+11:00 INFO (6): i=0
2009-01-06T13:43:49+11:00 INFO (6): qty=1
2009-01-06T13:43:49+11:00 INFO (6): Key: 0 Value: 1
2009-01-06T13:43:49+11:00 INFO (6): tax rate: 10.000000
2009-01-06T13:43:49+11:00 INFO (6): Invoice: 17 Tax Array for line item 0: 1.55
2009-01-06T13:43:49+11:00 INFO (6):  
2009-01-06T13:43:49+11:00 INFO (6): ITEM :: Key: 0 Value: 1
2009-01-06T13:43:49+11:00 INFO (6): ITEM :: tax rate: 10.000000
2009-01-06T13:43:49+11:00 INFO (6): ITEM :: Qty: 1 Unit price: 15.50
2009-01-06T13:43:49+11:00 INFO (6): ITEM :: Tax rate: 10.000000 Tax type: % Tax $: 1.55
2009-01-06T13:43:49+11:00 INFO (6): i=1
2009-01-06T13:43:49+11:00 INFO (6): qty=1
2009-01-06T13:43:49+11:00 INFO (6): Key: 0 Value: 1
2009-01-06T13:43:49+11:00 INFO (6): tax rate: 10.000000
2009-01-06T13:43:49+11:00 INFO (6): Invoice: 17 Tax Array for line item 1: 1.55
2009-01-06T13:43:49+11:00 INFO (6):  
2009-01-06T13:43:49+11:00 INFO (6): ITEM :: Key: 0 Value: 1
2009-01-06T13:43:49+11:00 INFO (6): ITEM :: tax rate: 10.000000
2009-01-06T13:43:49+11:00 INFO (6): ITEM :: Qty: 1 Unit price: 15.50
2009-01-06T13:43:49+11:00 INFO (6): ITEM :: Tax rate: 10.000000 Tax type: % Tax $: 1.55
2009-01-06T13:43:49+11:00 INFO (6): i=2
2009-01-06T13:43:49+11:00 INFO (6): qty=
2009-01-06T13:43:49+11:00 INFO (6): i=3
2009-01-06T13:43:49+11:00 INFO (6): qty=
2009-01-06T13:43:49+11:00 INFO (6): i=4
2009-01-06T13:43:49+11:00 INFO (6): qty=1
2009-01-06T13:43:49+11:00 INFO (6): Key: 0 Value: 1
2009-01-06T13:43:49+11:00 INFO (6): tax rate: 10.000000
2009-01-06T13:43:49+11:00 INFO (6): Invoice: 17 Tax Array for line item 4: 15
2009-01-06T13:43:49+11:00 INFO (6):  
2009-01-06T13:43:49+11:00 INFO (6): ITEM :: Key: 0 Value: 1
2009-01-06T13:43:49+11:00 INFO (6): ITEM :: tax rate: 10.000000
2009-01-06T13:43:49+11:00 INFO (6): ITEM :: Qty: 1 Unit price: 150.00
2009-01-06T13:43:49+11:00 INFO (6): ITEM :: Tax rate: 10.000000 Tax type: % Tax $: 15
2009-01-06T13:43:49+11:00 INFO (6): i=5
2009-01-06T13:43:49+11:00 INFO (6): qty=
2009-01-06T13:43:49+11:00 INFO (6): i=6
2009-01-06T13:43:49+11:00 INFO (6): qty=1
2009-01-06T13:43:49+11:00 INFO (6): Key: 0 Value: 1
2009-01-06T13:43:49+11:00 INFO (6): tax rate: 10.000000
2009-01-06T13:43:49+11:00 INFO (6): Invoice: 17 Tax Array for line item 6: 1.55
2009-01-06T13:43:49+11:00 INFO (6):  
2009-01-06T13:43:49+11:00 INFO (6): ITEM :: Key: 0 Value: 1
2009-01-06T13:43:49+11:00 INFO (6): ITEM :: tax rate: 10.000000
2009-01-06T13:43:49+11:00 INFO (6): ITEM :: Qty: 1 Unit price: 15.50
2009-01-06T13:43:49+11:00 INFO (6): ITEM :: Tax rate: 10.000000 Tax type: % Tax $: 1.55
2009-01-06T13:43:49+11:00 INFO (6): i=7
2009-01-06T13:43:49+11:00 INFO (6): qty=
2009-01-06T13:52:17+11:00 INFO (6): Itemised invoice created
2009-01-06T13:52:47+11:00 INFO (6): Max items:6
2009-01-06T13:52:47+11:00 INFO (6): i=0
2009-01-06T13:52:47+11:00 INFO (6): qty=
2009-01-06T13:52:47+11:00 INFO (6): i=1
2009-01-06T13:52:47+11:00 INFO (6): qty=
2009-01-06T13:52:47+11:00 INFO (6): i=2
2009-01-06T13:52:47+11:00 INFO (6): qty=
2009-01-06T13:52:47+11:00 INFO (6): i=3
2009-01-06T13:52:47+11:00 INFO (6): qty=
2009-01-06T13:52:47+11:00 INFO (6): i=4
2009-01-06T13:52:47+11:00 INFO (6): qty=
2009-01-06T13:52:47+11:00 INFO (6): i=5
2009-01-06T13:52:47+11:00 INFO (6): qty=1
2009-01-06T13:52:47+11:00 INFO (6): Key: 0 Value: 1
2009-01-06T13:52:47+11:00 INFO (6): tax rate: 10.000000
2009-01-06T13:52:47+11:00 INFO (6): Invoice: 18 Tax Array for line item 5: 1.55
2009-01-06T13:52:47+11:00 INFO (6):  
2009-01-06T13:52:47+11:00 INFO (6): ITEM :: Key: 0 Value: 1
2009-01-06T13:52:47+11:00 INFO (6): ITEM :: tax rate: 10.000000
2009-01-06T13:52:47+11:00 INFO (6): ITEM :: Qty: 1 Unit price: 15.50
2009-01-06T13:52:47+11:00 INFO (6): ITEM :: Tax rate: 10.000000 Tax type: % Tax $: 1.55
2009-01-06T13:52:47+11:00 INFO (6): i=6
2009-01-06T13:52:47+11:00 INFO (6): qty=1
2009-01-06T13:52:47+11:00 INFO (6): Key: 0 Value: 1
2009-01-06T13:52:47+11:00 INFO (6): tax rate: 10.000000
2009-01-06T13:52:47+11:00 INFO (6): Invoice: 18 Tax Array for line item 6: 15
2009-01-06T13:52:47+11:00 INFO (6):  
2009-01-06T13:52:47+11:00 INFO (6): ITEM :: Key: 0 Value: 1
2009-01-06T13:52:47+11:00 INFO (6): ITEM :: tax rate: 10.000000
2009-01-06T13:52:47+11:00 INFO (6): ITEM :: Qty: 1 Unit price: 150.00
2009-01-06T13:52:47+11:00 INFO (6): ITEM :: Tax rate: 10.000000 Tax type: % Tax $: 15
2009-01-06T13:59:28+11:00 INFO (6): Itemised invoice created
2009-01-06T14:16:20+11:00 INFO (6): Itemised invoice created
2009-01-06T14:23:46+11:00 INFO (6): Itemised invoice created
2009-01-06T14:24:08+11:00 INFO (6): Itemised invoice created
2009-01-06T14:24:48+11:00 INFO (6): Itemised invoice created
2009-01-06T14:25:24+11:00 INFO (6): Itemised invoice created
2009-01-06T14:30:21+11:00 INFO (6): Itemised invoice created
2009-01-06T15:21:42+11:00 INFO (6): Itemised invoice created
2009-01-06T15:29:21+11:00 INFO (6): Itemised invoice created
2009-01-06T15:29:46+11:00 INFO (6): Itemised invoice created
2009-01-06T15:30:13+11:00 INFO (6): Max items:6
2009-01-06T15:30:13+11:00 INFO (6): i=0
2009-01-06T15:30:13+11:00 INFO (6): qty=1
2009-01-06T15:30:13+11:00 INFO (6): Key: 0 Value: 1
2009-01-06T15:30:13+11:00 INFO (6): tax rate: 10.000000
2009-01-06T15:30:13+11:00 INFO (6): Invoice: 19 Tax Array for line item 0: 12.5
2009-01-06T15:30:13+11:00 INFO (6):  
2009-01-06T15:30:13+11:00 INFO (6): ITEM :: Key: 0 Value: 1
2009-01-06T15:30:13+11:00 INFO (6): ITEM :: tax rate: 10.000000
2009-01-06T15:30:13+11:00 INFO (6): ITEM :: Qty: 1 Unit price: 125.00
2009-01-06T15:30:13+11:00 INFO (6): ITEM :: Tax rate: 10.000000 Tax type: % Tax $: 12.5
2009-01-06T15:30:13+11:00 INFO (6): i=1
2009-01-06T15:30:13+11:00 INFO (6): qty=
2009-01-06T15:30:13+11:00 INFO (6): i=2
2009-01-06T15:30:13+11:00 INFO (6): qty=
2009-01-06T15:30:13+11:00 INFO (6): i=3
2009-01-06T15:30:13+11:00 INFO (6): qty=1
2009-01-06T15:30:13+11:00 INFO (6): Key: 0 Value: 1
2009-01-06T15:30:13+11:00 INFO (6): tax rate: 10.000000
2009-01-06T15:30:13+11:00 INFO (6): Invoice: 19 Tax Array for line item 3: 12.5
2009-01-06T15:30:13+11:00 INFO (6):  
2009-01-06T15:30:13+11:00 INFO (6): ITEM :: Key: 0 Value: 1
2009-01-06T15:30:13+11:00 INFO (6): ITEM :: tax rate: 10.000000
2009-01-06T15:30:13+11:00 INFO (6): ITEM :: Qty: 1 Unit price: 125.00
2009-01-06T15:30:13+11:00 INFO (6): ITEM :: Tax rate: 10.000000 Tax type: % Tax $: 12.5
2009-01-06T15:30:13+11:00 INFO (6): i=4
2009-01-06T15:30:13+11:00 INFO (6): qty=
2009-01-06T15:30:13+11:00 INFO (6): i=5
2009-01-06T15:30:13+11:00 INFO (6): qty=
2009-01-06T15:30:13+11:00 INFO (6): i=6
2009-01-06T15:30:13+11:00 INFO (6): qty=1
2009-01-06T15:30:13+11:00 INFO (6): Key: 0 Value: 1
2009-01-06T15:30:13+11:00 INFO (6): tax rate: 10.000000
2009-01-06T15:30:13+11:00 INFO (6): Invoice: 19 Tax Array for line item 6: 1.55
2009-01-06T15:30:13+11:00 INFO (6):  
2009-01-06T15:30:13+11:00 INFO (6): ITEM :: Key: 0 Value: 1
2009-01-06T15:30:13+11:00 INFO (6): ITEM :: tax rate: 10.000000
2009-01-06T15:30:13+11:00 INFO (6): ITEM :: Qty: 1 Unit price: 15.50
2009-01-06T15:30:13+11:00 INFO (6): ITEM :: Tax rate: 10.000000 Tax type: % Tax $: 1.55
2009-01-06T15:30:56+11:00 INFO (6): Itemised invoice created
2009-01-06T15:32:20+11:00 INFO (6): Itemised invoice created
2009-01-06T15:32:40+11:00 INFO (6): Max items:6
2009-01-06T15:32:40+11:00 INFO (6): i=0
2009-01-06T15:32:40+11:00 INFO (6): qty=
2009-01-06T15:32:40+11:00 INFO (6): i=1
2009-01-06T15:32:40+11:00 INFO (6): qty=
2009-01-06T15:32:40+11:00 INFO (6): i=2
2009-01-06T15:32:40+11:00 INFO (6): qty=
2009-01-06T15:32:40+11:00 INFO (6): i=3
2009-01-06T15:32:40+11:00 INFO (6): qty=
2009-01-06T15:32:40+11:00 INFO (6): i=4
2009-01-06T15:32:40+11:00 INFO (6): qty=
2009-01-06T15:32:40+11:00 INFO (6): i=5
2009-01-06T15:32:40+11:00 INFO (6): qty=
2009-01-06T15:32:40+11:00 INFO (6): i=6
2009-01-06T15:32:40+11:00 INFO (6): qty=1
2009-01-06T15:32:40+11:00 INFO (6): Key: 0 Value: 1
2009-01-06T15:32:40+11:00 INFO (6): tax rate: 10.000000
2009-01-06T15:32:40+11:00 INFO (6): Invoice: 20 Tax Array for line item 6: 1.55
2009-01-06T15:32:40+11:00 INFO (6):  
2009-01-06T15:32:40+11:00 INFO (6): ITEM :: Key: 0 Value: 1
2009-01-06T15:32:40+11:00 INFO (6): ITEM :: tax rate: 10.000000
2009-01-06T15:32:40+11:00 INFO (6): ITEM :: Qty: 1 Unit price: 15.50
2009-01-06T15:32:40+11:00 INFO (6): ITEM :: Tax rate: 10.000000 Tax type: % Tax $: 1.55
2009-01-06T15:33:20+11:00 INFO (6): Itemised invoice created
2009-01-06T15:33:38+11:00 INFO (6): Max items:5
2009-01-06T15:33:38+11:00 INFO (6): i=0
2009-01-06T15:33:38+11:00 INFO (6): qty=
2009-01-06T15:33:38+11:00 INFO (6): i=1
2009-01-06T15:33:38+11:00 INFO (6): qty=
2009-01-06T15:33:38+11:00 INFO (6): i=2
2009-01-06T15:33:38+11:00 INFO (6): qty=
2009-01-06T15:33:38+11:00 INFO (6): i=3
2009-01-06T15:33:38+11:00 INFO (6): qty=
2009-01-06T15:33:38+11:00 INFO (6): i=4
2009-01-06T15:33:38+11:00 INFO (6): qty=1
2009-01-06T15:33:38+11:00 INFO (6): Key: 0 Value: 1
2009-01-06T15:33:38+11:00 INFO (6): tax rate: 10.000000
2009-01-06T15:33:38+11:00 INFO (6): Invoice: 21 Tax Array for line item 4: 1.55
2009-01-06T15:33:38+11:00 INFO (6):  
2009-01-06T15:33:38+11:00 INFO (6): ITEM :: Key: 0 Value: 1
2009-01-06T15:33:38+11:00 INFO (6): ITEM :: tax rate: 10.000000
2009-01-06T15:33:38+11:00 INFO (6): ITEM :: Qty: 1 Unit price: 15.50
2009-01-06T15:33:38+11:00 INFO (6): ITEM :: Tax rate: 10.000000 Tax type: % Tax $: 1.55
2009-01-06T15:33:38+11:00 INFO (6): i=5
2009-01-06T15:33:38+11:00 INFO (6): qty=1
2009-01-06T15:33:38+11:00 INFO (6): Key: 0 Value: 1
2009-01-06T15:33:38+11:00 INFO (6): tax rate: 10.000000
2009-01-06T15:33:38+11:00 INFO (6): Invoice: 21 Tax Array for line item 5: 15
2009-01-06T15:33:38+11:00 INFO (6):  
2009-01-06T15:33:38+11:00 INFO (6): ITEM :: Key: 0 Value: 1
2009-01-06T15:33:38+11:00 INFO (6): ITEM :: tax rate: 10.000000
2009-01-06T15:33:38+11:00 INFO (6): ITEM :: Qty: 1 Unit price: 150.00
2009-01-06T15:33:38+11:00 INFO (6): ITEM :: Tax rate: 10.000000 Tax type: % Tax $: 15
2009-01-06T15:35:53+11:00 INFO (6): Itemised invoice created
2009-01-06T15:36:02+11:00 INFO (6): Max items:5
2009-01-06T15:36:02+11:00 INFO (6): i=0
2009-01-06T15:36:02+11:00 INFO (6): qty=
2009-01-06T15:36:02+11:00 INFO (6): i=1
2009-01-06T15:36:02+11:00 INFO (6): qty=
2009-01-06T15:36:02+11:00 INFO (6): i=2
2009-01-06T15:36:02+11:00 INFO (6): qty=
2009-01-06T15:36:02+11:00 INFO (6): i=3
2009-01-06T15:36:02+11:00 INFO (6): qty=
2009-01-06T15:36:02+11:00 INFO (6): i=4
2009-01-06T15:36:02+11:00 INFO (6): qty=
2009-01-06T15:36:02+11:00 INFO (6): i=5
2009-01-06T15:36:02+11:00 INFO (6): qty=
2009-01-06T15:39:50+11:00 INFO (6): Itemised invoice created
2009-01-06T15:40:06+11:00 INFO (6): Max items:7
2009-01-06T15:40:06+11:00 INFO (6): i=0
2009-01-06T15:40:06+11:00 INFO (6): qty=
2009-01-06T15:40:06+11:00 INFO (6): i=1
2009-01-06T15:40:06+11:00 INFO (6): qty=1
2009-01-06T15:40:06+11:00 INFO (6): Key: 0 Value: 1
2009-01-06T15:40:06+11:00 INFO (6): tax rate: 10.000000
2009-01-06T15:40:06+11:00 INFO (6): Invoice: 23 Tax Array for line item 1: 12.5
2009-01-06T15:40:06+11:00 INFO (6):  
2009-01-06T15:40:06+11:00 INFO (6): ITEM :: Key: 0 Value: 1
2009-01-06T15:40:06+11:00 INFO (6): ITEM :: tax rate: 10.000000
2009-01-06T15:40:06+11:00 INFO (6): ITEM :: Qty: 1 Unit price: 125.00
2009-01-06T15:40:06+11:00 INFO (6): ITEM :: Tax rate: 10.000000 Tax type: % Tax $: 12.5
2009-01-06T15:40:06+11:00 INFO (6): i=2
2009-01-06T15:40:06+11:00 INFO (6): qty=
2009-01-06T15:40:06+11:00 INFO (6): i=3
2009-01-06T15:40:06+11:00 INFO (6): qty=
2009-01-06T15:40:06+11:00 INFO (6): i=4
2009-01-06T15:40:06+11:00 INFO (6): qty=
2009-01-06T15:40:06+11:00 INFO (6): i=5
2009-01-06T15:40:06+11:00 INFO (6): qty=1
2009-01-06T15:40:06+11:00 INFO (6): Key: 0 Value: 1
2009-01-06T15:40:06+11:00 INFO (6): tax rate: 10.000000
2009-01-06T15:40:06+11:00 INFO (6): Invoice: 23 Tax Array for line item 5: 12.5
2009-01-06T15:40:06+11:00 INFO (6):  
2009-01-06T15:40:06+11:00 INFO (6): ITEM :: Key: 0 Value: 1
2009-01-06T15:40:06+11:00 INFO (6): ITEM :: tax rate: 10.000000
2009-01-06T15:40:06+11:00 INFO (6): ITEM :: Qty: 1 Unit price: 125.00
2009-01-06T15:40:06+11:00 INFO (6): ITEM :: Tax rate: 10.000000 Tax type: % Tax $: 12.5
2009-01-06T15:40:06+11:00 INFO (6): i=6
2009-01-06T15:40:06+11:00 INFO (6): qty=1
2009-01-06T15:40:06+11:00 INFO (6): Key: 0 Value: 1
2009-01-06T15:40:06+11:00 INFO (6): tax rate: 10.000000
2009-01-06T15:40:06+11:00 INFO (6): Invoice: 23 Tax Array for line item 6: 1.55
2009-01-06T15:40:06+11:00 INFO (6):  
2009-01-06T15:40:06+11:00 INFO (6): ITEM :: Key: 0 Value: 1
2009-01-06T15:40:06+11:00 INFO (6): ITEM :: tax rate: 10.000000
2009-01-06T15:40:06+11:00 INFO (6): ITEM :: Qty: 1 Unit price: 15.50
2009-01-06T15:40:06+11:00 INFO (6): ITEM :: Tax rate: 10.000000 Tax type: % Tax $: 1.55
2009-01-06T15:40:06+11:00 INFO (6): i=7
2009-01-06T15:40:06+11:00 INFO (6): qty=1
2009-01-06T15:40:06+11:00 INFO (6): Key: 0 Value: 1
2009-01-06T15:40:06+11:00 INFO (6): tax rate: 10.000000
2009-01-06T15:40:06+11:00 INFO (6): Invoice: 23 Tax Array for line item 7: 15
2009-01-06T15:40:06+11:00 INFO (6):  
2009-01-06T15:40:06+11:00 INFO (6): ITEM :: Key: 0 Value: 1
2009-01-06T15:40:06+11:00 INFO (6): ITEM :: tax rate: 10.000000
2009-01-06T15:40:06+11:00 INFO (6): ITEM :: Qty: 1 Unit price: 150.00
2009-01-06T15:40:06+11:00 INFO (6): ITEM :: Tax rate: 10.000000 Tax type: % Tax $: 15
2009-01-06T15:43:47+11:00 INFO (6): Itemised invoice created
2009-01-06T15:43:58+11:00 INFO (6): Max items:7
2009-01-06T15:43:58+11:00 INFO (6): i=0
2009-01-06T15:43:58+11:00 INFO (6): qty=
2009-01-06T15:43:58+11:00 INFO (6): i=1
2009-01-06T15:43:58+11:00 INFO (6): qty=
2009-01-06T15:43:58+11:00 INFO (6): i=2
2009-01-06T15:43:58+11:00 INFO (6): qty=
2009-01-06T15:43:58+11:00 INFO (6): i=3
2009-01-06T15:43:58+11:00 INFO (6): qty=
2009-01-06T15:43:58+11:00 INFO (6): i=4
2009-01-06T15:43:58+11:00 INFO (6): qty=
2009-01-06T15:43:58+11:00 INFO (6): i=5
2009-01-06T15:43:58+11:00 INFO (6): qty=
2009-01-06T15:43:58+11:00 INFO (6): i=6
2009-01-06T15:43:58+11:00 INFO (6): qty=
2009-01-06T15:43:58+11:00 INFO (6): i=7
2009-01-06T15:43:58+11:00 INFO (6): qty=
2009-01-06T15:45:22+11:00 INFO (6): Itemised invoice created
2009-01-06T15:45:43+11:00 INFO (6): Max items:5
2009-01-06T15:45:43+11:00 INFO (6): i=0
2009-01-06T15:45:43+11:00 INFO (6): qty=1
2009-01-06T15:45:43+11:00 INFO (6): Key: 0 Value: 1
2009-01-06T15:45:43+11:00 INFO (6): tax rate: 10.000000
2009-01-06T15:45:43+11:00 INFO (6): Invoice: 25 Tax Array for line item 0: 1.55
2009-01-06T15:45:43+11:00 INFO (6):  
2009-01-06T15:45:43+11:00 INFO (6): ITEM :: Key: 0 Value: 1
2009-01-06T15:45:43+11:00 INFO (6): ITEM :: tax rate: 10.000000
2009-01-06T15:45:43+11:00 INFO (6): ITEM :: Qty: 1 Unit price: 15.50
2009-01-06T15:45:43+11:00 INFO (6): ITEM :: Tax rate: 10.000000 Tax type: % Tax $: 1.55
2009-01-06T15:45:43+11:00 INFO (6): i=1
2009-01-06T15:45:43+11:00 INFO (6): qty=1
2009-01-06T15:45:43+11:00 INFO (6): Key: 0 Value: 1
2009-01-06T15:45:43+11:00 INFO (6): tax rate: 10.000000
2009-01-06T15:45:43+11:00 INFO (6): Invoice: 25 Tax Array for line item 1: 1.55
2009-01-06T15:45:43+11:00 INFO (6):  
2009-01-06T15:45:43+11:00 INFO (6): ITEM :: Key: 0 Value: 1
2009-01-06T15:45:43+11:00 INFO (6): ITEM :: tax rate: 10.000000
2009-01-06T15:45:43+11:00 INFO (6): ITEM :: Qty: 1 Unit price: 15.50
2009-01-06T15:45:43+11:00 INFO (6): ITEM :: Tax rate: 10.000000 Tax type: % Tax $: 1.55
2009-01-06T15:45:43+11:00 INFO (6): i=2
2009-01-06T15:45:43+11:00 INFO (6): qty=
2009-01-06T15:45:43+11:00 INFO (6): i=3
2009-01-06T15:45:43+11:00 INFO (6): qty=
2009-01-06T15:45:43+11:00 INFO (6): i=4
2009-01-06T15:45:43+11:00 INFO (6): qty=
2009-01-06T15:45:43+11:00 INFO (6): i=5
2009-01-06T15:45:43+11:00 INFO (6): qty=
2009-01-06T15:45:52+11:00 INFO (6): Itemised invoice created
2009-01-06T15:46:17+11:00 INFO (6): Max items:5
2009-01-06T15:46:17+11:00 INFO (6): i=0
2009-01-06T15:46:17+11:00 INFO (6): qty=
2009-01-06T15:46:17+11:00 INFO (6): i=1
2009-01-06T15:46:17+11:00 INFO (6): qty=
2009-01-06T15:46:17+11:00 INFO (6): i=2
2009-01-06T15:46:17+11:00 INFO (6): qty=
2009-01-06T15:46:17+11:00 INFO (6): i=3
2009-01-06T15:46:17+11:00 INFO (6): qty=
2009-01-06T15:46:17+11:00 INFO (6): i=4
2009-01-06T15:46:17+11:00 INFO (6): qty=
2009-01-06T15:46:17+11:00 INFO (6): i=5
2009-01-06T15:46:17+11:00 INFO (6): qty=1
2009-01-06T15:46:17+11:00 INFO (6): Key: 0 Value: 1
2009-01-06T15:46:17+11:00 INFO (6): tax rate: 10.000000
2009-01-06T15:46:17+11:00 INFO (6): Invoice: 26 Tax Array for line item 5: 1.55
2009-01-06T15:46:17+11:00 INFO (6):  
2009-01-06T15:46:17+11:00 INFO (6): ITEM :: Key: 0 Value: 1
2009-01-06T15:46:17+11:00 INFO (6): ITEM :: tax rate: 10.000000
2009-01-06T15:46:17+11:00 INFO (6): ITEM :: Qty: 1 Unit price: 15.50
2009-01-06T15:46:17+11:00 INFO (6): ITEM :: Tax rate: 10.000000 Tax type: % Tax $: 1.55
2009-01-06T15:46:43+11:00 INFO (6): Itemised invoice created
2009-01-06T15:46:57+11:00 INFO (6): Max items:5
2009-01-06T15:46:57+11:00 INFO (6): i=0
2009-01-06T15:46:57+11:00 INFO (6): qty=
2009-01-06T15:46:57+11:00 INFO (6): i=1
2009-01-06T15:46:57+11:00 INFO (6): qty=
2009-01-06T15:46:57+11:00 INFO (6): i=2
2009-01-06T15:46:57+11:00 INFO (6): qty=
2009-01-06T15:46:57+11:00 INFO (6): i=3
2009-01-06T15:46:57+11:00 INFO (6): qty=
2009-01-06T15:46:57+11:00 INFO (6): i=4
2009-01-06T15:46:57+11:00 INFO (6): qty=
2009-01-06T15:46:57+11:00 INFO (6): i=5
2009-01-06T15:46:57+11:00 INFO (6): qty=1
2009-01-06T15:46:57+11:00 INFO (6): Key: 0 Value: 1
2009-01-06T15:46:57+11:00 INFO (6): tax rate: 10.000000
2009-01-06T15:46:57+11:00 INFO (6): Invoice: 27 Tax Array for line item 5: 1.55
2009-01-06T15:46:57+11:00 INFO (6):  
2009-01-06T15:46:57+11:00 INFO (6): ITEM :: Key: 0 Value: 1
2009-01-06T15:46:57+11:00 INFO (6): ITEM :: tax rate: 10.000000
2009-01-06T15:46:57+11:00 INFO (6): ITEM :: Qty: 1 Unit price: 15.50
2009-01-06T15:46:57+11:00 INFO (6): ITEM :: Tax rate: 10.000000 Tax type: % Tax $: 1.55
2009-01-06T15:48:03+11:00 INFO (6): Itemised invoice created
2009-01-06T15:48:19+11:00 INFO (6): Max items:5
2009-01-06T15:48:19+11:00 INFO (6): i=0
2009-01-06T15:48:19+11:00 INFO (6): qty=
2009-01-06T15:48:19+11:00 INFO (6): i=1
2009-01-06T15:48:19+11:00 INFO (6): qty=
2009-01-06T15:48:19+11:00 INFO (6): i=2
2009-01-06T15:48:19+11:00 INFO (6): qty=
2009-01-06T15:48:19+11:00 INFO (6): i=3
2009-01-06T15:48:19+11:00 INFO (6): qty=
2009-01-06T15:48:19+11:00 INFO (6): i=4
2009-01-06T15:48:19+11:00 INFO (6): qty=
2009-01-06T15:48:19+11:00 INFO (6): i=5
2009-01-06T15:48:19+11:00 INFO (6): qty=
2009-01-06T15:48:57+11:00 INFO (6): Itemised invoice created
2009-01-06T15:49:10+11:00 INFO (6): Max items:5
2009-01-06T15:49:10+11:00 INFO (6): i=0
2009-01-06T15:49:10+11:00 INFO (6): qty=
2009-01-06T15:49:10+11:00 INFO (6): i=1
2009-01-06T15:49:10+11:00 INFO (6): qty=
2009-01-06T15:49:10+11:00 INFO (6): i=2
2009-01-06T15:49:10+11:00 INFO (6): qty=
2009-01-06T15:49:10+11:00 INFO (6): i=3
2009-01-06T15:49:10+11:00 INFO (6): qty=
2009-01-06T15:49:10+11:00 INFO (6): i=4
2009-01-06T15:49:10+11:00 INFO (6): qty=1
2009-01-06T15:49:10+11:00 INFO (6): Key: 0 Value: 1
2009-01-06T15:49:10+11:00 INFO (6): tax rate: 10.000000
2009-01-06T15:49:10+11:00 INFO (6): Invoice: 29 Tax Array for line item 4: 1.55
2009-01-06T15:49:10+11:00 INFO (6):  
2009-01-06T15:49:10+11:00 INFO (6): ITEM :: Key: 0 Value: 1
2009-01-06T15:49:10+11:00 INFO (6): ITEM :: tax rate: 10.000000
2009-01-06T15:49:10+11:00 INFO (6): ITEM :: Qty: 1 Unit price: 15.50
2009-01-06T15:49:10+11:00 INFO (6): ITEM :: Tax rate: 10.000000 Tax type: % Tax $: 1.55
2009-01-06T15:49:10+11:00 INFO (6): i=5
2009-01-06T15:49:10+11:00 INFO (6): qty=1
2009-01-06T15:49:10+11:00 INFO (6): Key: 0 Value: 1
2009-01-06T15:49:10+11:00 INFO (6): tax rate: 10.000000
2009-01-06T15:49:10+11:00 INFO (6): Invoice: 29 Tax Array for line item 5: 1.55
2009-01-06T15:49:10+11:00 INFO (6):  
2009-01-06T15:49:10+11:00 INFO (6): ITEM :: Key: 0 Value: 1
2009-01-06T15:49:10+11:00 INFO (6): ITEM :: tax rate: 10.000000
2009-01-06T15:49:10+11:00 INFO (6): ITEM :: Qty: 1 Unit price: 15.50
2009-01-06T15:49:10+11:00 INFO (6): ITEM :: Tax rate: 10.000000 Tax type: % Tax $: 1.55
2009-01-06T15:49:56+11:00 INFO (6): Itemised invoice created
2009-01-06T15:50:14+11:00 INFO (6): Max items:6
2009-01-06T15:50:14+11:00 INFO (6): i=0
2009-01-06T15:50:14+11:00 INFO (6): qty=
2009-01-06T15:50:14+11:00 INFO (6): i=1
2009-01-06T15:50:14+11:00 INFO (6): qty=
2009-01-06T15:50:14+11:00 INFO (6): i=2
2009-01-06T15:50:14+11:00 INFO (6): qty=1
2009-01-06T15:50:14+11:00 INFO (6): Key: 0 Value: 1
2009-01-06T15:50:14+11:00 INFO (6): tax rate: 10.000000
2009-01-06T15:50:14+11:00 INFO (6): Invoice: 30 Tax Array for line item 2: 15
2009-01-06T15:50:14+11:00 INFO (6):  
2009-01-06T15:50:14+11:00 INFO (6): ITEM :: Key: 0 Value: 1
2009-01-06T15:50:14+11:00 INFO (6): ITEM :: tax rate: 10.000000
2009-01-06T15:50:14+11:00 INFO (6): ITEM :: Qty: 1 Unit price: 150.00
2009-01-06T15:50:14+11:00 INFO (6): ITEM :: Tax rate: 10.000000 Tax type: % Tax $: 15
2009-01-06T15:50:14+11:00 INFO (6): i=3
2009-01-06T15:50:14+11:00 INFO (6): qty=
2009-01-06T15:50:14+11:00 INFO (6): i=4
2009-01-06T15:50:14+11:00 INFO (6): qty=
2009-01-06T15:50:14+11:00 INFO (6): i=5
2009-01-06T15:50:14+11:00 INFO (6): qty=1
2009-01-06T15:50:14+11:00 INFO (6): Key: 0 Value: 1
2009-01-06T15:50:14+11:00 INFO (6): tax rate: 10.000000
2009-01-06T15:50:14+11:00 INFO (6): Invoice: 30 Tax Array for line item 5: 1.55
2009-01-06T15:50:14+11:00 INFO (6):  
2009-01-06T15:50:14+11:00 INFO (6): ITEM :: Key: 0 Value: 1
2009-01-06T15:50:14+11:00 INFO (6): ITEM :: tax rate: 10.000000
2009-01-06T15:50:14+11:00 INFO (6): ITEM :: Qty: 1 Unit price: 15.50
2009-01-06T15:50:14+11:00 INFO (6): ITEM :: Tax rate: 10.000000 Tax type: % Tax $: 1.55
2009-01-06T15:50:14+11:00 INFO (6): i=6
2009-01-06T15:50:14+11:00 INFO (6): qty=1
2009-01-06T15:50:14+11:00 INFO (6): Key: 0 Value: 1
2009-01-06T15:50:14+11:00 INFO (6): tax rate: 10.000000
2009-01-06T15:50:14+11:00 INFO (6): Invoice: 30 Tax Array for line item 6: 12.5
2009-01-06T15:50:14+11:00 INFO (6):  
2009-01-06T15:50:14+11:00 INFO (6): ITEM :: Key: 0 Value: 1
2009-01-06T15:50:14+11:00 INFO (6): ITEM :: tax rate: 10.000000
2009-01-06T15:50:14+11:00 INFO (6): ITEM :: Qty: 1 Unit price: 125.00
2009-01-06T15:50:14+11:00 INFO (6): ITEM :: Tax rate: 10.000000 Tax type: % Tax $: 12.5
2009-01-06T15:53:30+11:00 INFO (6): Itemised invoice created
2009-01-06T15:54:58+11:00 INFO (6): Itemised invoice created
2009-01-06T15:55:10+11:00 INFO (6): Itemised invoice created
2009-01-06T15:55:22+11:00 INFO (6): Itemised invoice created
2009-01-06T16:25:59+11:00 INFO (6): Itemised invoice created
2009-01-06T16:27:14+11:00 INFO (6): Itemised invoice created
2009-01-06T16:27:53+11:00 INFO (6): Itemised invoice created
2009-01-06T16:28:39+11:00 INFO (6): Itemised invoice created
2009-01-06T16:29:24+11:00 INFO (6): Itemised invoice created
2009-01-06T16:30:18+11:00 INFO (6): Itemised invoice created
2009-01-06T16:39:48+11:00 INFO (6): Itemised invoice created
2009-01-06T16:40:05+11:00 INFO (6): Max items:5
2009-01-06T16:40:05+11:00 INFO (6): i=0
2009-01-06T16:40:05+11:00 INFO (6): qty=
2009-01-06T16:40:05+11:00 INFO (6): i=1
2009-01-06T16:40:05+11:00 INFO (6): qty=
2009-01-06T16:40:05+11:00 INFO (6): i=2
2009-01-06T16:40:05+11:00 INFO (6): qty=
2009-01-06T16:40:05+11:00 INFO (6): i=3
2009-01-06T16:40:05+11:00 INFO (6): qty=
2009-01-06T16:40:05+11:00 INFO (6): i=4
2009-01-06T16:40:05+11:00 INFO (6): qty=
2009-01-06T16:40:05+11:00 INFO (6): i=5
2009-01-06T16:40:05+11:00 INFO (6): qty=
2009-01-06T16:40:44+11:00 INFO (6): Itemised invoice created
2009-01-06T16:41:54+11:00 INFO (6): Itemised invoice created
2009-01-06T16:45:18+11:00 INFO (6): Itemised invoice created
2009-01-07T10:22:54+11:00 INFO (6): Itemised invoice created
2009-01-07T11:20:36+11:00 INFO (6): Itemised invoice created
2009-01-08T09:39:33+11:00 INFO (6): Itemised invoice created
2009-01-08T09:41:30+11:00 INFO (6): Max items:4
2009-01-08T09:41:30+11:00 INFO (6): i=0
2009-01-08T09:41:30+11:00 INFO (6): qty=1
2009-01-08T09:41:30+11:00 INFO (6): Key: 0 Value: 1
2009-01-08T09:41:30+11:00 INFO (6): tax rate: 10.000000
2009-01-08T09:41:30+11:00 INFO (6): Invoice: 32 Tax Array for line item 0: 12.5
2009-01-08T09:41:30+11:00 INFO (6):  
2009-01-08T09:41:30+11:00 INFO (6): ITEM :: Key: 0 Value: 1
2009-01-08T09:41:30+11:00 INFO (6): ITEM :: tax rate: 10.000000
2009-01-08T09:41:30+11:00 INFO (6): ITEM :: Qty: 1 Unit price: 125.00
2009-01-08T09:41:30+11:00 INFO (6): ITEM :: Tax rate: 10.000000 Tax type: % Tax $: 12.5
2009-01-08T09:41:30+11:00 INFO (6): i=1
2009-01-08T09:41:30+11:00 INFO (6): qty=1
2009-01-08T09:41:30+11:00 INFO (6): Key: 0 Value: 1
2009-01-08T09:41:30+11:00 INFO (6): tax rate: 10.000000
2009-01-08T09:41:30+11:00 INFO (6): Invoice: 32 Tax Array for line item 1: 1.55
2009-01-08T09:41:30+11:00 INFO (6):  
2009-01-08T09:41:30+11:00 INFO (6): ITEM :: Key: 0 Value: 1
2009-01-08T09:41:30+11:00 INFO (6): ITEM :: tax rate: 10.000000
2009-01-08T09:41:30+11:00 INFO (6): ITEM :: Qty: 1 Unit price: 15.50
2009-01-08T09:41:30+11:00 INFO (6): ITEM :: Tax rate: 10.000000 Tax type: % Tax $: 1.55
2009-01-08T09:41:30+11:00 INFO (6): i=2
2009-01-08T09:41:30+11:00 INFO (6): qty=
2009-01-08T09:41:30+11:00 INFO (6): i=3
2009-01-08T09:41:30+11:00 INFO (6): qty=
2009-01-08T09:41:30+11:00 INFO (6): i=4
2009-01-08T09:41:30+11:00 INFO (6): qty=
2009-01-08T09:41:34+11:00 INFO (6): Invoice: 32 Item id: 74 Tax 0 Tax ID: 1
2009-01-08T09:41:34+11:00 INFO (6): Invoice: 32 Item id: 75 Tax 0 Tax ID: 1
2009-01-08T09:42:24+11:00 INFO (6): Itemised invoice created
2009-01-08T09:43:03+11:00 INFO (6): Max items:5
2009-01-08T09:43:03+11:00 INFO (6): i=0
2009-01-08T09:43:03+11:00 INFO (6): qty=1
2009-01-08T09:43:03+11:00 INFO (6): Key: 0 Value: 1
2009-01-08T09:43:03+11:00 INFO (6): tax rate: 10.000000
2009-01-08T09:43:03+11:00 INFO (6): Invoice: 33 Tax Array for line item 0: 12.5
2009-01-08T09:43:03+11:00 INFO (6):  
2009-01-08T09:43:03+11:00 INFO (6): ITEM :: Key: 0 Value: 1
2009-01-08T09:43:03+11:00 INFO (6): ITEM :: tax rate: 10.000000
2009-01-08T09:43:03+11:00 INFO (6): ITEM :: Qty: 1 Unit price: 125.00
2009-01-08T09:43:03+11:00 INFO (6): ITEM :: Tax rate: 10.000000 Tax type: % Tax $: 12.5
2009-01-08T09:43:03+11:00 INFO (6): i=1
2009-01-08T09:43:03+11:00 INFO (6): qty=
2009-01-08T09:43:03+11:00 INFO (6): i=2
2009-01-08T09:43:03+11:00 INFO (6): qty=
2009-01-08T09:43:03+11:00 INFO (6): i=3
2009-01-08T09:43:03+11:00 INFO (6): qty=
2009-01-08T09:43:03+11:00 INFO (6): i=4
2009-01-08T09:43:03+11:00 INFO (6): qty=
2009-01-08T09:43:03+11:00 INFO (6): i=5
2009-01-08T09:43:03+11:00 INFO (6): qty=1
2009-01-08T09:43:03+11:00 INFO (6): Key: 0 Value: 1
2009-01-08T09:43:03+11:00 INFO (6): tax rate: 10.000000
2009-01-08T09:43:04+11:00 INFO (6): Invoice: 33 Tax Array for line item 5: 12.5
2009-01-08T09:43:04+11:00 INFO (6):  
2009-01-08T09:43:04+11:00 INFO (6): ITEM :: Key: 0 Value: 1
2009-01-08T09:43:04+11:00 INFO (6): ITEM :: tax rate: 10.000000
2009-01-08T09:43:04+11:00 INFO (6): ITEM :: Qty: 1 Unit price: 125.00
2009-01-08T09:43:04+11:00 INFO (6): ITEM :: Tax rate: 10.000000 Tax type: % Tax $: 12.5
2009-01-08T09:43:07+11:00 INFO (6): Invoice: 33 Item id: 76 Tax 0 Tax ID: 1
2009-01-08T09:43:07+11:00 INFO (6): Invoice: 33 Item id: 77 Tax 0 Tax ID: 1
2009-01-08T09:43:12+11:00 INFO (6): Itemised invoice created
2009-01-08T09:43:20+11:00 INFO (6): Max items:4
2009-01-08T09:43:20+11:00 INFO (6): i=0
2009-01-08T09:43:20+11:00 INFO (6): qty=1
2009-01-08T09:43:20+11:00 INFO (6): Key: 0 Value: 1
2009-01-08T09:43:20+11:00 INFO (6): tax rate: 10.000000
2009-01-08T09:43:20+11:00 INFO (6): Invoice: 34 Tax Array for line item 0: 12.5
2009-01-08T09:43:20+11:00 INFO (6):  
2009-01-08T09:43:20+11:00 INFO (6): ITEM :: Key: 0 Value: 1
2009-01-08T09:43:20+11:00 INFO (6): ITEM :: tax rate: 10.000000
2009-01-08T09:43:20+11:00 INFO (6): ITEM :: Qty: 1 Unit price: 125.00
2009-01-08T09:43:20+11:00 INFO (6): ITEM :: Tax rate: 10.000000 Tax type: % Tax $: 12.5
2009-01-08T09:43:20+11:00 INFO (6): i=1
2009-01-08T09:43:20+11:00 INFO (6): qty=
2009-01-08T09:43:20+11:00 INFO (6): i=2
2009-01-08T09:43:20+11:00 INFO (6): qty=
2009-01-08T09:43:20+11:00 INFO (6): i=3
2009-01-08T09:43:20+11:00 INFO (6): qty=
2009-01-08T09:43:20+11:00 INFO (6): i=4
2009-01-08T09:43:20+11:00 INFO (6): qty=
2009-01-08T09:43:23+11:00 INFO (6): Invoice: 34 Item id: 78 Tax 0 Tax ID: 1
2009-01-08T09:43:55+11:00 INFO (6): Invoice: 34 Item id: 78 Tax 0 Tax ID: 1
2009-01-08T09:43:59+11:00 INFO (6): Itemised invoice created
2009-01-08T09:44:20+11:00 INFO (6): Max items:4
2009-01-08T09:44:20+11:00 INFO (6): i=0
2009-01-08T09:44:20+11:00 INFO (6): qty=1
2009-01-08T09:44:20+11:00 INFO (6): Key: 0 Value: 1
2009-01-08T09:44:20+11:00 INFO (6): tax rate: 10.000000
2009-01-08T09:44:20+11:00 INFO (6): Invoice: 35 Tax Array for line item 0: 15
2009-01-08T09:44:20+11:00 INFO (6):  
2009-01-08T09:44:20+11:00 INFO (6): ITEM :: Key: 0 Value: 1
2009-01-08T09:44:20+11:00 INFO (6): ITEM :: tax rate: 10.000000
2009-01-08T09:44:20+11:00 INFO (6): ITEM :: Qty: 1 Unit price: 150.00
2009-01-08T09:44:20+11:00 INFO (6): ITEM :: Tax rate: 10.000000 Tax type: % Tax $: 15
2009-01-08T09:44:20+11:00 INFO (6): i=1
2009-01-08T09:44:20+11:00 INFO (6): qty=1
2009-01-08T09:44:20+11:00 INFO (6): Key: 0 Value: 2
2009-01-08T09:44:20+11:00 INFO (6): tax rate: 10.000000
2009-01-08T09:44:20+11:00 INFO (6): Invoice: 35 Tax Array for line item 1: 1.55
2009-01-08T09:44:20+11:00 INFO (6):  
2009-01-08T09:44:20+11:00 INFO (6): ITEM :: Key: 0 Value: 2
2009-01-08T09:44:20+11:00 INFO (6): ITEM :: tax rate: 10.000000
2009-01-08T09:44:20+11:00 INFO (6): ITEM :: Qty: 1 Unit price: 15.50
2009-01-08T09:44:20+11:00 INFO (6): ITEM :: Tax rate: 10.000000 Tax type: % Tax $: 1.55
2009-01-08T09:44:20+11:00 INFO (6): i=2
2009-01-08T09:44:20+11:00 INFO (6): qty=1
2009-01-08T09:44:20+11:00 INFO (6): Key: 0 Value: 3
2009-01-08T09:44:20+11:00 INFO (6): tax rate: 10.000000
2009-01-08T09:44:20+11:00 INFO (6): Invoice: 35 Tax Array for line item 2: 15
2009-01-08T09:44:20+11:00 INFO (6):  
2009-01-08T09:44:20+11:00 INFO (6): ITEM :: Key: 0 Value: 3
2009-01-08T09:44:20+11:00 INFO (6): ITEM :: tax rate: 10.000000
2009-01-08T09:44:20+11:00 INFO (6): ITEM :: Qty: 1 Unit price: 150.00
2009-01-08T09:44:20+11:00 INFO (6): ITEM :: Tax rate: 10.000000 Tax type: % Tax $: 15
2009-01-08T09:44:20+11:00 INFO (6): i=3
2009-01-08T09:44:20+11:00 INFO (6): qty=1
2009-01-08T09:44:20+11:00 INFO (6): Key: 0 Value: 4
2009-01-08T09:44:20+11:00 INFO (6): tax rate: 0.000000
2009-01-08T09:44:20+11:00 INFO (6): Invoice: 35 Tax Array for line item 3: 0
2009-01-08T09:44:20+11:00 INFO (6):  
2009-01-08T09:44:20+11:00 INFO (6): ITEM :: Key: 0 Value: 4
2009-01-08T09:44:20+11:00 INFO (6): ITEM :: tax rate: 0.000000
2009-01-08T09:44:20+11:00 INFO (6): ITEM :: Qty: 1 Unit price: 150.00
2009-01-08T09:44:20+11:00 INFO (6): ITEM :: Tax rate: 0.000000 Tax type: % Tax $: 0
2009-01-08T09:44:20+11:00 INFO (6): i=4
2009-01-08T09:44:20+11:00 INFO (6): qty=
2009-01-08T09:44:23+11:00 INFO (6): Invoice: 35 Item id: 79 Tax 0 Tax ID: 1
2009-01-08T09:44:23+11:00 INFO (6): Invoice: 35 Item id: 80 Tax 0 Tax ID: 2
2009-01-08T09:44:23+11:00 INFO (6): Invoice: 35 Item id: 81 Tax 0 Tax ID: 3
2009-01-08T09:44:23+11:00 INFO (6): Invoice: 35 Item id: 82 Tax 0 Tax ID: 4
2009-01-08T09:44:37+11:00 INFO (6): Invoice: 35 Item id: 79 Tax 0 Tax ID: 1
2009-01-08T09:44:37+11:00 INFO (6): Invoice: 35 Item id: 80 Tax 0 Tax ID: 2
2009-01-08T09:44:37+11:00 INFO (6): Invoice: 35 Item id: 81 Tax 0 Tax ID: 3
2009-01-08T09:44:37+11:00 INFO (6): Invoice: 35 Item id: 82 Tax 0 Tax ID: 4
2009-01-12T13:50:00+11:00 INFO (6): Itemised invoice created
2009-01-12T13:51:49+11:00 INFO (6): Itemised invoice created
2009-01-12T13:52:01+11:00 INFO (6): Itemised invoice created
2009-01-12T13:52:06+11:00 INFO (6): Itemised invoice created
2009-01-12T13:52:11+11:00 INFO (6): Itemised invoice created
2009-01-12T13:52:23+11:00 INFO (6): Itemised invoice created
2009-01-12T13:53:29+11:00 INFO (6): Itemised invoice created
2009-01-12T13:53:34+11:00 INFO (6): Itemised invoice created
2009-01-12T14:03:47+11:00 INFO (6): Itemised invoice created
2009-01-12T14:04:52+11:00 INFO (6): Itemised invoice created
2009-01-12T14:05:11+11:00 INFO (6): Itemised invoice created
2009-01-13T09:09:49+11:00 INFO (6): Itemised invoice created
2009-01-13T10:02:36+11:00 INFO (6): Itemised invoice created
2009-01-13T10:03:17+11:00 INFO (6): Max items:4
2009-01-13T10:03:17+11:00 INFO (6): i=0
2009-01-13T10:03:17+11:00 INFO (6): qty=1
2009-01-13T10:03:17+11:00 INFO (6): Key: 0 Value: 1
2009-01-13T10:03:17+11:00 INFO (6): tax rate: 10.000000
2009-01-13T10:03:17+11:00 INFO (6): Invoice: 36 Tax Array for line item 0: 12.5
2009-01-13T10:03:17+11:00 INFO (6): Description: Description
2009-01-13T10:03:17+11:00 INFO (6):  
2009-01-13T10:03:17+11:00 INFO (6): ITEM :: Key: 0 Value: 1
2009-01-13T10:03:17+11:00 INFO (6): ITEM :: tax rate: 10.000000
2009-01-13T10:03:17+11:00 INFO (6): ITEM :: Qty: 1 Unit price: 125.00
2009-01-13T10:03:17+11:00 INFO (6): ITEM :: Tax rate: 10.000000 Tax type: % Tax $: 12.5
2009-01-13T10:03:18+11:00 INFO (6): i=1
2009-01-13T10:03:18+11:00 INFO (6): qty=1
2009-01-13T10:03:18+11:00 INFO (6): Key: 0 Value: 4
2009-01-13T10:03:18+11:00 INFO (6): tax rate: 0.000000
2009-01-13T10:03:18+11:00 INFO (6): Invoice: 36 Tax Array for line item 1: 0
2009-01-13T10:03:18+11:00 INFO (6): Description: Description
2009-01-13T10:03:18+11:00 INFO (6):  
2009-01-13T10:03:18+11:00 INFO (6): ITEM :: Key: 0 Value: 4
2009-01-13T10:03:18+11:00 INFO (6): ITEM :: tax rate: 0.000000
2009-01-13T10:03:18+11:00 INFO (6): ITEM :: Qty: 1 Unit price: 150.00
2009-01-13T10:03:18+11:00 INFO (6): ITEM :: Tax rate: 0.000000 Tax type: % Tax $: 0
2009-01-13T10:03:18+11:00 INFO (6): i=2
2009-01-13T10:03:18+11:00 INFO (6): qty=2
2009-01-13T10:03:18+11:00 INFO (6): Key: 0 Value: 3
2009-01-13T10:03:18+11:00 INFO (6): tax rate: 10.000000
2009-01-13T10:03:18+11:00 INFO (6): Invoice: 36 Tax Array for line item 2: 30
2009-01-13T10:03:18+11:00 INFO (6): Description: Description
2009-01-13T10:03:18+11:00 INFO (6):  
2009-01-13T10:03:18+11:00 INFO (6): ITEM :: Key: 0 Value: 3
2009-01-13T10:03:18+11:00 INFO (6): ITEM :: tax rate: 10.000000
2009-01-13T10:03:18+11:00 INFO (6): ITEM :: Qty: 2 Unit price: 150.00
2009-01-13T10:03:18+11:00 INFO (6): ITEM :: Tax rate: 10.000000 Tax type: % Tax $: 30
2009-01-13T10:03:18+11:00 INFO (6): i=3
2009-01-13T10:03:18+11:00 INFO (6): qty=2
2009-01-13T10:03:18+11:00 INFO (6): Key: 0 Value: 2
2009-01-13T10:03:18+11:00 INFO (6): tax rate: 10.000000
2009-01-13T10:03:18+11:00 INFO (6): Invoice: 36 Tax Array for line item 3: 25
2009-01-13T10:03:18+11:00 INFO (6): Description: Description
2009-01-13T10:03:18+11:00 INFO (6):  
2009-01-13T10:03:18+11:00 INFO (6): ITEM :: Key: 0 Value: 2
2009-01-13T10:03:18+11:00 INFO (6): ITEM :: tax rate: 10.000000
2009-01-13T10:03:18+11:00 INFO (6): ITEM :: Qty: 2 Unit price: 125.00
2009-01-13T10:03:18+11:00 INFO (6): ITEM :: Tax rate: 10.000000 Tax type: % Tax $: 25
2009-01-13T10:03:18+11:00 INFO (6): i=4
2009-01-13T10:03:18+11:00 INFO (6): qty=7
2009-01-13T10:03:18+11:00 INFO (6): Key: 0 Value: 2
2009-01-13T10:03:18+11:00 INFO (6): tax rate: 10.000000
2009-01-13T10:03:18+11:00 INFO (6): Invoice: 36 Tax Array for line item 4: 87.5
2009-01-13T10:03:18+11:00 INFO (6): Description: Description
2009-01-13T10:03:18+11:00 INFO (6):  
2009-01-13T10:03:18+11:00 INFO (6): ITEM :: Key: 0 Value: 2
2009-01-13T10:03:18+11:00 INFO (6): ITEM :: tax rate: 10.000000
2009-01-13T10:03:18+11:00 INFO (6): ITEM :: Qty: 7 Unit price: 125.00
2009-01-13T10:03:18+11:00 INFO (6): ITEM :: Tax rate: 10.000000 Tax type: % Tax $: 87.5
2009-01-13T10:03:23+11:00 INFO (6): Invoice: 36 Item id: 83 Tax 0 Tax ID: 1
2009-01-13T10:03:23+11:00 INFO (6): Invoice: 36 Item id: 84 Tax 0 Tax ID: 4
2009-01-13T10:03:23+11:00 INFO (6): Invoice: 36 Item id: 85 Tax 0 Tax ID: 3
2009-01-13T10:03:23+11:00 INFO (6): Invoice: 36 Item id: 86 Tax 0 Tax ID: 2
2009-01-13T10:03:23+11:00 INFO (6): Invoice: 36 Item id: 87 Tax 0 Tax ID: 2
2009-01-13T10:03:37+11:00 INFO (6): Invoice: 36 Item id: 83 Tax 0 Tax ID: 1
2009-01-13T10:03:37+11:00 INFO (6): Invoice: 36 Item id: 84 Tax 0 Tax ID: 4
2009-01-13T10:03:37+11:00 INFO (6): Invoice: 36 Item id: 85 Tax 0 Tax ID: 3
2009-01-13T10:03:37+11:00 INFO (6): Invoice: 36 Item id: 86 Tax 0 Tax ID: 2
2009-01-13T10:03:37+11:00 INFO (6): Invoice: 36 Item id: 87 Tax 0 Tax ID: 2
2009-01-13T10:11:33+11:00 INFO (6): Invoice: 36 Item id: 83 Tax 0 Tax ID: 1
2009-01-13T10:11:33+11:00 INFO (6): Invoice: 36 Item id: 84 Tax 0 Tax ID: 4
2009-01-13T10:11:33+11:00 INFO (6): Invoice: 36 Item id: 85 Tax 0 Tax ID: 3
2009-01-13T10:11:33+11:00 INFO (6): Invoice: 36 Item id: 86 Tax 0 Tax ID: 2
2009-01-13T10:11:33+11:00 INFO (6): Invoice: 36 Item id: 87 Tax 0 Tax ID: 2
2009-01-13T10:12:37+11:00 INFO (6): Invoice: 36 Item id: 83 Tax 0 Tax ID: 1
2009-01-13T10:12:37+11:00 INFO (6): Invoice: 36 Item id: 84 Tax 0 Tax ID: 4
2009-01-13T10:12:37+11:00 INFO (6): Invoice: 36 Item id: 85 Tax 0 Tax ID: 3
2009-01-13T10:12:37+11:00 INFO (6): Invoice: 36 Item id: 86 Tax 0 Tax ID: 2
2009-01-13T10:12:37+11:00 INFO (6): Invoice: 36 Item id: 87 Tax 0 Tax ID: 2
2009-01-13T10:16:21+11:00 INFO (6): Invoice: 36 Item id: 83 Tax 0 Tax ID: 1
2009-01-13T10:16:21+11:00 INFO (6): Invoice: 36 Item id: 84 Tax 0 Tax ID: 4
2009-01-13T10:16:21+11:00 INFO (6): Invoice: 36 Item id: 85 Tax 0 Tax ID: 3
2009-01-13T10:16:21+11:00 INFO (6): Invoice: 36 Item id: 86 Tax 0 Tax ID: 2
2009-01-13T10:16:21+11:00 INFO (6): Invoice: 36 Item id: 87 Tax 0 Tax ID: 2
2009-01-13T10:17:34+11:00 INFO (6): Itemised invoice created
2009-01-13T10:19:41+11:00 INFO (6): Invoice: 36 Item id: 83 Tax 0 Tax ID: 1
2009-01-13T10:19:41+11:00 INFO (6): Invoice: 36 Item id: 84 Tax 0 Tax ID: 4
2009-01-13T10:19:41+11:00 INFO (6): Invoice: 36 Item id: 85 Tax 0 Tax ID: 3
2009-01-13T10:19:41+11:00 INFO (6): Invoice: 36 Item id: 86 Tax 0 Tax ID: 2
2009-01-13T10:19:41+11:00 INFO (6): Invoice: 36 Item id: 87 Tax 0 Tax ID: 2
2009-01-13T10:19:52+11:00 INFO (6): Invoice: 36 Item id: 83 Tax 0 Tax ID: 1
2009-01-13T10:19:52+11:00 INFO (6): Invoice: 36 Item id: 84 Tax 0 Tax ID: 4
2009-01-13T10:19:52+11:00 INFO (6): Invoice: 36 Item id: 85 Tax 0 Tax ID: 3
2009-01-13T10:19:52+11:00 INFO (6): Invoice: 36 Item id: 86 Tax 0 Tax ID: 2
2009-01-13T10:19:52+11:00 INFO (6): Invoice: 36 Item id: 87 Tax 0 Tax ID: 2
2009-01-13T10:19:54+11:00 INFO (6): Invoice: 36 Item id: 83 Tax 0 Tax ID: 1
2009-01-13T10:19:54+11:00 INFO (6): Invoice: 36 Item id: 84 Tax 0 Tax ID: 4
2009-01-13T10:19:54+11:00 INFO (6): Invoice: 36 Item id: 85 Tax 0 Tax ID: 3
2009-01-13T10:19:54+11:00 INFO (6): Invoice: 36 Item id: 86 Tax 0 Tax ID: 2
2009-01-13T10:19:54+11:00 INFO (6): Invoice: 36 Item id: 87 Tax 0 Tax ID: 2
2009-01-13T10:20:00+11:00 INFO (6): Invoice: 36 Item id: 83 Tax 0 Tax ID: 1
2009-01-13T10:20:00+11:00 INFO (6): Invoice: 36 Item id: 84 Tax 0 Tax ID: 4
2009-01-13T10:20:00+11:00 INFO (6): Invoice: 36 Item id: 85 Tax 0 Tax ID: 3
2009-01-13T10:20:00+11:00 INFO (6): Invoice: 36 Item id: 86 Tax 0 Tax ID: 2
2009-01-13T10:20:00+11:00 INFO (6): Invoice: 36 Item id: 87 Tax 0 Tax ID: 2
2009-01-13T12:27:34+11:00 INFO (6): Invoice: 36 Item id: 83 Tax 0 Tax ID: 1
2009-01-13T12:27:34+11:00 INFO (6): Invoice: 36 Item id: 84 Tax 0 Tax ID: 4
2009-01-13T12:27:34+11:00 INFO (6): Invoice: 36 Item id: 85 Tax 0 Tax ID: 3
2009-01-13T12:27:34+11:00 INFO (6): Invoice: 36 Item id: 86 Tax 0 Tax ID: 2
2009-01-13T12:27:34+11:00 INFO (6): Invoice: 36 Item id: 87 Tax 0 Tax ID: 2
2009-01-13T12:28:14+11:00 INFO (6): Invoice: 36 Item id: 83 Tax 0 Tax ID: 1
2009-01-13T12:28:14+11:00 INFO (6): Invoice: 36 Item id: 84 Tax 0 Tax ID: 4
2009-01-13T12:28:14+11:00 INFO (6): Invoice: 36 Item id: 85 Tax 0 Tax ID: 3
2009-01-13T12:28:14+11:00 INFO (6): Invoice: 36 Item id: 86 Tax 0 Tax ID: 2
2009-01-13T12:28:14+11:00 INFO (6): Invoice: 36 Item id: 87 Tax 0 Tax ID: 2
2009-01-13T12:30:10+11:00 INFO (6): Invoice: 36 Item id: 83 Tax 0 Tax ID: 1
2009-01-13T12:30:10+11:00 INFO (6): Invoice: 36 Item id: 84 Tax 0 Tax ID: 4
2009-01-13T12:30:10+11:00 INFO (6): Invoice: 36 Item id: 85 Tax 0 Tax ID: 3
2009-01-13T12:30:10+11:00 INFO (6): Invoice: 36 Item id: 86 Tax 0 Tax ID: 2
2009-01-13T12:30:10+11:00 INFO (6): Invoice: 36 Item id: 87 Tax 0 Tax ID: 2
2009-01-13T12:30:58+11:00 INFO (6): Invoice: 36 Item id: 83 Tax 0 Tax ID: 1
2009-01-13T12:30:58+11:00 INFO (6): Invoice: 36 Item id: 84 Tax 0 Tax ID: 4
2009-01-13T12:30:58+11:00 INFO (6): Invoice: 36 Item id: 85 Tax 0 Tax ID: 3
2009-01-13T12:30:58+11:00 INFO (6): Invoice: 36 Item id: 86 Tax 0 Tax ID: 2
2009-01-13T12:30:58+11:00 INFO (6): Invoice: 36 Item id: 87 Tax 0 Tax ID: 2
2009-01-13T12:31:26+11:00 INFO (6): Invoice: 36 Item id: 83 Tax 0 Tax ID: 1
2009-01-13T12:31:26+11:00 INFO (6): Invoice: 36 Item id: 84 Tax 0 Tax ID: 4
2009-01-13T12:31:26+11:00 INFO (6): Invoice: 36 Item id: 85 Tax 0 Tax ID: 3
2009-01-13T12:31:26+11:00 INFO (6): Invoice: 36 Item id: 86 Tax 0 Tax ID: 2
2009-01-13T12:31:26+11:00 INFO (6): Invoice: 36 Item id: 87 Tax 0 Tax ID: 2
2009-01-13T12:32:44+11:00 INFO (6): Itemised invoice created
2009-01-13T12:34:25+11:00 INFO (6): Invoice: 36 Item id: 83 Tax 0 Tax ID: 1
2009-01-13T12:34:25+11:00 INFO (6): Invoice: 36 Item id: 84 Tax 0 Tax ID: 4
2009-01-13T12:34:25+11:00 INFO (6): Invoice: 36 Item id: 85 Tax 0 Tax ID: 3
2009-01-13T12:34:25+11:00 INFO (6): Invoice: 36 Item id: 86 Tax 0 Tax ID: 2
2009-01-13T12:34:25+11:00 INFO (6): Invoice: 36 Item id: 87 Tax 0 Tax ID: 2
2009-01-13T12:35:01+11:00 INFO (6): Invoice: 36 Item id: 83 Tax 0 Tax ID: 1
2009-01-13T12:35:01+11:00 INFO (6): Invoice: 36 Item id: 84 Tax 0 Tax ID: 4
2009-01-13T12:35:01+11:00 INFO (6): Invoice: 36 Item id: 85 Tax 0 Tax ID: 3
2009-01-13T12:35:01+11:00 INFO (6): Invoice: 36 Item id: 86 Tax 0 Tax ID: 2
2009-01-13T12:35:01+11:00 INFO (6): Invoice: 36 Item id: 87 Tax 0 Tax ID: 2
2009-01-13T12:36:03+11:00 INFO (6): Invoice: 36 Item id: 83 Tax 0 Tax ID: 1
2009-01-13T12:36:03+11:00 INFO (6): Invoice: 36 Item id: 84 Tax 0 Tax ID: 4
2009-01-13T12:36:03+11:00 INFO (6): Invoice: 36 Item id: 85 Tax 0 Tax ID: 3
2009-01-13T12:36:03+11:00 INFO (6): Invoice: 36 Item id: 86 Tax 0 Tax ID: 2
2009-01-13T12:36:03+11:00 INFO (6): Invoice: 36 Item id: 87 Tax 0 Tax ID: 2
2009-01-13T12:42:19+11:00 INFO (6): Invoice: 36 Item id: 83 Tax 0 Tax ID: 1
2009-01-13T12:42:19+11:00 INFO (6): Invoice: 36 Item id: 84 Tax 0 Tax ID: 4
2009-01-13T12:42:19+11:00 INFO (6): Invoice: 36 Item id: 85 Tax 0 Tax ID: 3
2009-01-13T12:42:19+11:00 INFO (6): Invoice: 36 Item id: 86 Tax 0 Tax ID: 2
2009-01-13T12:42:19+11:00 INFO (6): Invoice: 36 Item id: 87 Tax 0 Tax ID: 2
2009-01-13T12:42:29+11:00 INFO (6): Invoice: 36 Item id: 83 Tax 0 Tax ID: 1
2009-01-13T12:42:29+11:00 INFO (6): Invoice: 36 Item id: 84 Tax 0 Tax ID: 4
2009-01-13T12:42:29+11:00 INFO (6): Invoice: 36 Item id: 85 Tax 0 Tax ID: 3
2009-01-13T12:42:29+11:00 INFO (6): Invoice: 36 Item id: 86 Tax 0 Tax ID: 2
2009-01-13T12:42:29+11:00 INFO (6): Invoice: 36 Item id: 87 Tax 0 Tax ID: 2
2009-01-13T12:44:40+11:00 INFO (6): Itemised invoice created
2009-01-13T12:44:46+11:00 INFO (6): Invoice: 36 Item id: 83 Tax 0 Tax ID: 1
2009-01-13T12:44:46+11:00 INFO (6): Invoice: 36 Item id: 84 Tax 0 Tax ID: 4
2009-01-13T12:44:46+11:00 INFO (6): Invoice: 36 Item id: 85 Tax 0 Tax ID: 3
2009-01-13T12:44:46+11:00 INFO (6): Invoice: 36 Item id: 86 Tax 0 Tax ID: 2
2009-01-13T12:44:46+11:00 INFO (6): Invoice: 36 Item id: 87 Tax 0 Tax ID: 2
2009-01-13T12:44:56+11:00 INFO (6): Invoice: 36 Item id: 83 Tax 0 Tax ID: 1
2009-01-13T12:44:56+11:00 INFO (6): Invoice: 36 Item id: 84 Tax 0 Tax ID: 4
2009-01-13T12:44:56+11:00 INFO (6): Invoice: 36 Item id: 85 Tax 0 Tax ID: 3
2009-01-13T12:44:56+11:00 INFO (6): Invoice: 36 Item id: 86 Tax 0 Tax ID: 2
2009-01-13T12:44:56+11:00 INFO (6): Invoice: 36 Item id: 87 Tax 0 Tax ID: 2
2009-01-13T12:48:43+11:00 INFO (6): Invoice: 36 Item id: 83 Tax 0 Tax ID: 1
2009-01-13T12:48:43+11:00 INFO (6): Invoice: 36 Item id: 84 Tax 0 Tax ID: 4
2009-01-13T12:48:43+11:00 INFO (6): Invoice: 36 Item id: 85 Tax 0 Tax ID: 3
2009-01-13T12:48:43+11:00 INFO (6): Invoice: 36 Item id: 86 Tax 0 Tax ID: 2
2009-01-13T12:48:43+11:00 INFO (6): Invoice: 36 Item id: 87 Tax 0 Tax ID: 2
2009-01-13T12:48:59+11:00 INFO (6): Invoice: 36 Item id: 83 Tax 0 Tax ID: 1
2009-01-13T12:48:59+11:00 INFO (6): Invoice: 36 Item id: 84 Tax 0 Tax ID: 4
2009-01-13T12:48:59+11:00 INFO (6): Invoice: 36 Item id: 85 Tax 0 Tax ID: 3
2009-01-13T12:48:59+11:00 INFO (6): Invoice: 36 Item id: 86 Tax 0 Tax ID: 2
2009-01-13T12:48:59+11:00 INFO (6): Invoice: 36 Item id: 87 Tax 0 Tax ID: 2
2009-01-13T12:54:27+11:00 INFO (6): Invoice: 36 Item id: 83 Tax 0 Tax ID: 1
2009-01-13T12:54:27+11:00 INFO (6): Invoice: 36 Item id: 84 Tax 0 Tax ID: 4
2009-01-13T12:54:27+11:00 INFO (6): Invoice: 36 Item id: 85 Tax 0 Tax ID: 3
2009-01-13T12:54:27+11:00 INFO (6): Invoice: 36 Item id: 86 Tax 0 Tax ID: 2
2009-01-13T12:54:27+11:00 INFO (6): Invoice: 36 Item id: 87 Tax 0 Tax ID: 2
2009-01-13T12:54:55+11:00 INFO (6): Invoice: 36 Item id: 83 Tax 0 Tax ID: 1
2009-01-13T12:54:55+11:00 INFO (6): Invoice: 36 Item id: 84 Tax 0 Tax ID: 4
2009-01-13T12:54:55+11:00 INFO (6): Invoice: 36 Item id: 85 Tax 0 Tax ID: 3
2009-01-13T12:54:55+11:00 INFO (6): Invoice: 36 Item id: 86 Tax 0 Tax ID: 2
2009-01-13T12:54:56+11:00 INFO (6): Invoice: 36 Item id: 87 Tax 0 Tax ID: 2
2009-01-13T12:55:06+11:00 INFO (6): Invoice: 36 Item id: 83 Tax 0 Tax ID: 1
2009-01-13T12:55:06+11:00 INFO (6): Invoice: 36 Item id: 84 Tax 0 Tax ID: 4
2009-01-13T12:55:06+11:00 INFO (6): Invoice: 36 Item id: 85 Tax 0 Tax ID: 3
2009-01-13T12:55:06+11:00 INFO (6): Invoice: 36 Item id: 86 Tax 0 Tax ID: 2
2009-01-13T12:55:06+11:00 INFO (6): Invoice: 36 Item id: 87 Tax 0 Tax ID: 2
2009-01-13T12:55:23+11:00 INFO (6): Invoice: 36 Item id: 83 Tax 0 Tax ID: 1
2009-01-13T12:55:23+11:00 INFO (6): Invoice: 36 Item id: 84 Tax 0 Tax ID: 4
2009-01-13T12:55:23+11:00 INFO (6): Invoice: 36 Item id: 85 Tax 0 Tax ID: 3
2009-01-13T12:55:23+11:00 INFO (6): Invoice: 36 Item id: 86 Tax 0 Tax ID: 2
2009-01-13T12:55:23+11:00 INFO (6): Invoice: 36 Item id: 87 Tax 0 Tax ID: 2
2009-01-13T13:12:51+11:00 INFO (6): Itemised invoice created
2009-01-13T13:13:30+11:00 INFO (6): Itemised invoice created
2009-01-13T13:13:44+11:00 INFO (6): Itemised invoice created
2009-01-13T13:13:53+11:00 INFO (6): Max items:5
2009-01-13T13:13:53+11:00 INFO (6): i=0
2009-01-13T13:13:53+11:00 INFO (6): qty=
2009-01-13T13:13:53+11:00 INFO (6): i=1
2009-01-13T13:13:53+11:00 INFO (6): qty=
2009-01-13T13:13:53+11:00 INFO (6): i=2
2009-01-13T13:13:53+11:00 INFO (6): qty=
2009-01-13T13:13:53+11:00 INFO (6): i=3
2009-01-13T13:13:53+11:00 INFO (6): qty=
2009-01-13T13:13:53+11:00 INFO (6): i=4
2009-01-13T13:13:53+11:00 INFO (6): qty=1
2009-01-13T13:13:53+11:00 INFO (6): Key: 0 Value: 1
2009-01-13T13:13:53+11:00 INFO (6): tax rate: 10.000000
2009-01-13T13:13:53+11:00 INFO (6): Invoice: 37 Tax Array for line item 4: 12.5
2009-01-13T13:13:53+11:00 INFO (6): Description: Description
2009-01-13T13:13:53+11:00 INFO (6):  
2009-01-13T13:13:53+11:00 INFO (6): ITEM :: Key: 0 Value: 1
2009-01-13T13:13:53+11:00 INFO (6): ITEM :: tax rate: 10.000000
2009-01-13T13:13:53+11:00 INFO (6): ITEM :: Qty: 1 Unit price: 125.00
2009-01-13T13:13:53+11:00 INFO (6): ITEM :: Tax rate: 10.000000 Tax type: % Tax $: 12.5
2009-01-13T13:13:53+11:00 INFO (6): i=5
2009-01-13T13:13:53+11:00 INFO (6): qty=
2009-01-13T13:14:01+11:00 INFO (6): Invoice: 37 Item id: 88 Tax 0 Tax ID: 1
